{"C:\\Mudik Training\\NodeJS\\movierental\\index.js": {"path":"C:\\Mudik Training\\NodeJS\\movierental\\index.js","statementMap":{"0":{"start":{"line":1,"column":16},"end":{"line":1,"column":34}},"1":{"start":{"line":2,"column":0},"end":{"line":2,"column":32}},"2":{"start":{"line":7,"column":4},"end":{"line":7,"column":25}},"3":{"start":{"line":8,"column":25},"end":{"line":8,"column":50}},"4":{"start":{"line":9,"column":20},"end":{"line":9,"column":43}},"5":{"start":{"line":10,"column":31},"end":{"line":10,"column":56}},"6":{"start":{"line":11,"column":24},"end":{"line":11,"column":50}},"7":{"start":{"line":14,"column":0},"end":{"line":14,"column":14}},"8":{"start":{"line":17,"column":0},"end":{"line":17,"column":21}},"9":{"start":{"line":19,"column":12},"end":{"line":19,"column":21}},"10":{"start":{"line":20,"column":0},"end":{"line":20,"column":24}},"11":{"start":{"line":23,"column":0},"end":{"line":23,"column":30}},"12":{"start":{"line":28,"column":0},"end":{"line":28,"column":18}},"13":{"start":{"line":31,"column":0},"end":{"line":31,"column":50}},"14":{"start":{"line":31,"column":37},"end":{"line":31,"column":50}},"15":{"start":{"line":33,"column":0},"end":{"line":33,"column":21}}},"fnMap":{},"branchMap":{"0":{"loc":{"start":{"line":31,"column":0},"end":{"line":31,"column":50}},"type":"if","locations":[{"start":{"line":31,"column":0},"end":{"line":31,"column":50}},{"start":{},"end":{}}],"line":31}},"s":{"0":7,"1":7,"2":7,"3":7,"4":7,"5":7,"6":7,"7":7,"8":7,"9":7,"10":7,"11":7,"12":7,"13":7,"14":0,"15":7},"f":{},"b":{"0":[0,7]},"_coverageSchema":"1a1c01bbd47fc00a2c39e90264f33305004495a9","hash":"9dc3bb7bf70a74120638eb11861adcc079673118"}
,"C:\\Mudik Training\\NodeJS\\movierental\\mySendMail.js": {"path":"C:\\Mudik Training\\NodeJS\\movierental\\mySendMail.js","statementMap":{"0":{"start":{"line":2,"column":2},"end":{"line":2,"column":121}},"1":{"start":{"line":4,"column":19},"end":{"line":4,"column":40}},"2":{"start":{"line":5,"column":0},"end":{"line":5,"column":27}},"3":{"start":{"line":8,"column":20},"end":{"line":16,"column":4}},"4":{"start":{"line":18,"column":2},"end":{"line":24,"column":5}},"5":{"start":{"line":27,"column":0},"end":{"line":27,"column":26}}},"fnMap":{"0":{"name":"main","decl":{"start":{"line":7,"column":15},"end":{"line":7,"column":19}},"loc":{"start":{"line":7,"column":41},"end":{"line":25,"column":1}},"line":7}},"branchMap":{},"s":{"0":7,"1":7,"2":7,"3":0,"4":0,"5":7},"f":{"0":0},"b":{},"_coverageSchema":"1a1c01bbd47fc00a2c39e90264f33305004495a9","hash":"9efafd86f88d2632abe1277342dad75058007bd6"}
,"C:\\Mudik Training\\NodeJS\\movierental\\middleware\\admin.js": {"path":"C:\\Mudik Training\\NodeJS\\movierental\\middleware\\admin.js","statementMap":{"0":{"start":{"line":1,"column":12},"end":{"line":1,"column":35}},"1":{"start":{"line":2,"column":15},"end":{"line":2,"column":32}},"2":{"start":{"line":4,"column":27},"end":{"line":8,"column":1}},"3":{"start":{"line":5,"column":18},"end":{"line":5,"column":34}},"4":{"start":{"line":6,"column":2},"end":{"line":6,"column":65}},"5":{"start":{"line":6,"column":16},"end":{"line":6,"column":65}},"6":{"start":{"line":7,"column":2},"end":{"line":7,"column":9}},"7":{"start":{"line":10,"column":0},"end":{"line":10,"column":40}}},"fnMap":{"0":{"name":"(anonymous_0)","decl":{"start":{"line":4,"column":27},"end":{"line":4,"column":28}},"loc":{"start":{"line":4,"column":47},"end":{"line":8,"column":1}},"line":4}},"branchMap":{"0":{"loc":{"start":{"line":6,"column":2},"end":{"line":6,"column":65}},"type":"if","locations":[{"start":{"line":6,"column":2},"end":{"line":6,"column":65}},{"start":{},"end":{}}],"line":6}},"s":{"0":7,"1":7,"2":7,"3":44,"4":44,"5":7,"6":37,"7":7},"f":{"0":44},"b":{"0":[7,37]},"_coverageSchema":"1a1c01bbd47fc00a2c39e90264f33305004495a9","hash":"8b01e96fafe0fa06fe3ff8b42c740850f8969709"}
,"C:\\Mudik Training\\NodeJS\\movierental\\middleware\\auth.js": {"path":"C:\\Mudik Training\\NodeJS\\movierental\\middleware\\auth.js","statementMap":{"0":{"start":{"line":1,"column":12},"end":{"line":1,"column":35}},"1":{"start":{"line":2,"column":15},"end":{"line":2,"column":32}},"2":{"start":{"line":4,"column":26},"end":{"line":15,"column":1}},"3":{"start":{"line":5,"column":16},"end":{"line":5,"column":42}},"4":{"start":{"line":6,"column":2},"end":{"line":6,"column":59}},"5":{"start":{"line":6,"column":14},"end":{"line":6,"column":59}},"6":{"start":{"line":7,"column":2},"end":{"line":14,"column":3}},"7":{"start":{"line":8,"column":20},"end":{"line":8,"column":66}},"8":{"start":{"line":9,"column":4},"end":{"line":9,"column":23}},"9":{"start":{"line":10,"column":4},"end":{"line":10,"column":11}},"10":{"start":{"line":12,"column":4},"end":{"line":12,"column":31}},"11":{"start":{"line":13,"column":4},"end":{"line":13,"column":58}},"12":{"start":{"line":17,"column":0},"end":{"line":17,"column":39}}},"fnMap":{"0":{"name":"(anonymous_0)","decl":{"start":{"line":4,"column":26},"end":{"line":4,"column":27}},"loc":{"start":{"line":4,"column":46},"end":{"line":15,"column":1}},"line":4}},"branchMap":{"0":{"loc":{"start":{"line":6,"column":2},"end":{"line":6,"column":59}},"type":"if","locations":[{"start":{"line":6,"column":2},"end":{"line":6,"column":59}},{"start":{},"end":{}}],"line":6}},"s":{"0":8,"1":8,"2":8,"3":114,"4":114,"5":15,"6":99,"7":99,"8":90,"9":90,"10":9,"11":9,"12":8},"f":{"0":114},"b":{"0":[15,99]},"_coverageSchema":"1a1c01bbd47fc00a2c39e90264f33305004495a9","hash":"0b8b6248ca863fe6aaf1f3c2b350a50e77935ba7"}
,"C:\\Mudik Training\\NodeJS\\movierental\\middleware\\error.js": {"path":"C:\\Mudik Training\\NodeJS\\movierental\\middleware\\error.js","statementMap":{"0":{"start":{"line":1,"column":16},"end":{"line":1,"column":34}},"1":{"start":{"line":2,"column":24},"end":{"line":6,"column":1}},"2":{"start":{"line":4,"column":2},"end":{"line":4,"column":38}},"3":{"start":{"line":5,"column":2},"end":{"line":5,"column":70}},"4":{"start":{"line":8,"column":0},"end":{"line":8,"column":37}}},"fnMap":{"0":{"name":"(anonymous_0)","decl":{"start":{"line":2,"column":24},"end":{"line":2,"column":25}},"loc":{"start":{"line":2,"column":51},"end":{"line":6,"column":1}},"line":2}},"branchMap":{},"s":{"0":7,"1":7,"2":0,"3":0,"4":7},"f":{"0":0},"b":{},"_coverageSchema":"1a1c01bbd47fc00a2c39e90264f33305004495a9","hash":"77eea296272c3556ab2e691da6d70eb8a67460f8"}
,"C:\\Mudik Training\\NodeJS\\movierental\\middleware\\validateObjectId.js": {"path":"C:\\Mudik Training\\NodeJS\\movierental\\middleware\\validateObjectId.js","statementMap":{"0":{"start":{"line":1,"column":17},"end":{"line":1,"column":36}},"1":{"start":{"line":3,"column":25},"end":{"line":7,"column":1}},"2":{"start":{"line":4,"column":18},"end":{"line":4,"column":64}},"3":{"start":{"line":5,"column":2},"end":{"line":5,"column":76}},"4":{"start":{"line":5,"column":16},"end":{"line":5,"column":76}},"5":{"start":{"line":6,"column":2},"end":{"line":6,"column":9}},"6":{"start":{"line":9,"column":0},"end":{"line":9,"column":38}}},"fnMap":{"0":{"name":"(anonymous_0)","decl":{"start":{"line":3,"column":25},"end":{"line":3,"column":26}},"loc":{"start":{"line":3,"column":45},"end":{"line":7,"column":1}},"line":3}},"branchMap":{"0":{"loc":{"start":{"line":5,"column":2},"end":{"line":5,"column":76}},"type":"if","locations":[{"start":{"line":5,"column":2},"end":{"line":5,"column":76}},{"start":{},"end":{}}],"line":5}},"s":{"0":7,"1":7,"2":70,"3":70,"4":15,"5":55,"6":7},"f":{"0":70},"b":{"0":[15,55]},"_coverageSchema":"1a1c01bbd47fc00a2c39e90264f33305004495a9","hash":"44ca56531a09f92f4d2f2c50641e5a44f31a6539"}
,"C:\\Mudik Training\\NodeJS\\movierental\\model\\customerModel.js": {"path":"C:\\Mudik Training\\NodeJS\\movierental\\model\\customerModel.js","statementMap":{"0":{"start":{"line":1,"column":17},"end":{"line":1,"column":36}},"1":{"start":{"line":2,"column":12},"end":{"line":2,"column":26}},"2":{"start":{"line":4,"column":23},"end":{"line":18,"column":2}},"3":{"start":{"line":20,"column":17},"end":{"line":20,"column":59}},"4":{"start":{"line":23,"column":15},"end":{"line":27,"column":4}},"5":{"start":{"line":29,"column":2},"end":{"line":29,"column":35}},"6":{"start":{"line":32,"column":0},"end":{"line":32,"column":64}}},"fnMap":{"0":{"name":"validateCustomer","decl":{"start":{"line":22,"column":9},"end":{"line":22,"column":25}},"loc":{"start":{"line":22,"column":36},"end":{"line":30,"column":1}},"line":22}},"branchMap":{},"s":{"0":7,"1":7,"2":7,"3":7,"4":11,"5":11,"6":7},"f":{"0":11},"b":{},"_coverageSchema":"1a1c01bbd47fc00a2c39e90264f33305004495a9","hash":"fe27cafa20975414afb1aaaa6c76e77b3c47307a"}
,"C:\\Mudik Training\\NodeJS\\movierental\\model\\genresModel.js": {"path":"C:\\Mudik Training\\NodeJS\\movierental\\model\\genresModel.js","statementMap":{"0":{"start":{"line":5,"column":12},"end":{"line":5,"column":26}},"1":{"start":{"line":7,"column":17},"end":{"line":7,"column":36}},"2":{"start":{"line":9,"column":20},"end":{"line":16,"column":2}},"3":{"start":{"line":17,"column":14},"end":{"line":17,"column":50}},"4":{"start":{"line":20,"column":17},"end":{"line":22,"column":4}},"5":{"start":{"line":24,"column":2},"end":{"line":24,"column":32}},"6":{"start":{"line":27,"column":0},"end":{"line":27,"column":55}}},"fnMap":{"0":{"name":"validateGenre","decl":{"start":{"line":19,"column":9},"end":{"line":19,"column":22}},"loc":{"start":{"line":19,"column":30},"end":{"line":25,"column":1}},"line":19}},"branchMap":{},"s":{"0":7,"1":7,"2":7,"3":7,"4":9,"5":9,"6":7},"f":{"0":9},"b":{},"_coverageSchema":"1a1c01bbd47fc00a2c39e90264f33305004495a9","hash":"4d4d4be4c8f4b834697b2394ef7f2758b59c36a1"}
,"C:\\Mudik Training\\NodeJS\\movierental\\model\\movieModel.js": {"path":"C:\\Mudik Training\\NodeJS\\movierental\\model\\movieModel.js","statementMap":{"0":{"start":{"line":1,"column":17},"end":{"line":1,"column":36}},"1":{"start":{"line":2,"column":12},"end":{"line":2,"column":26}},"2":{"start":{"line":3,"column":0},"end":{"line":3,"column":44}},"3":{"start":{"line":5,"column":24},"end":{"line":5,"column":55}},"4":{"start":{"line":7,"column":20},"end":{"line":31,"column":2}},"5":{"start":{"line":33,"column":14},"end":{"line":33,"column":50}},"6":{"start":{"line":36,"column":15},"end":{"line":42,"column":4}},"7":{"start":{"line":44,"column":2},"end":{"line":44,"column":35}},"8":{"start":{"line":47,"column":0},"end":{"line":47,"column":56}}},"fnMap":{"0":{"name":"validateMovies","decl":{"start":{"line":35,"column":9},"end":{"line":35,"column":23}},"loc":{"start":{"line":35,"column":34},"end":{"line":45,"column":1}},"line":35}},"branchMap":{},"s":{"0":7,"1":7,"2":7,"3":7,"4":7,"5":7,"6":19,"7":19,"8":7},"f":{"0":19},"b":{},"_coverageSchema":"1a1c01bbd47fc00a2c39e90264f33305004495a9","hash":"8a72354a7792e1a2db0d57762a2c7cac8bab0308"}
,"C:\\Mudik Training\\NodeJS\\movierental\\model\\rentalsModel.js": {"path":"C:\\Mudik Training\\NodeJS\\movierental\\model\\rentalsModel.js","statementMap":{"0":{"start":{"line":1,"column":17},"end":{"line":1,"column":36}},"1":{"start":{"line":3,"column":12},"end":{"line":3,"column":26}},"2":{"start":{"line":4,"column":0},"end":{"line":4,"column":44}},"3":{"start":{"line":6,"column":31},"end":{"line":6,"column":54}},"4":{"start":{"line":9,"column":22},"end":{"line":41,"column":2}},"5":{"start":{"line":43,"column":16},"end":{"line":43,"column":55}},"6":{"start":{"line":46,"column":17},"end":{"line":49,"column":4}},"7":{"start":{"line":51,"column":2},"end":{"line":51,"column":34}},"8":{"start":{"line":54,"column":0},"end":{"line":54,"column":61}}},"fnMap":{"0":{"name":"validateRentals","decl":{"start":{"line":45,"column":9},"end":{"line":45,"column":24}},"loc":{"start":{"line":45,"column":34},"end":{"line":52,"column":1}},"line":45}},"branchMap":{},"s":{"0":7,"1":7,"2":7,"3":7,"4":7,"5":7,"6":8,"7":8,"8":7},"f":{"0":8},"b":{},"_coverageSchema":"1a1c01bbd47fc00a2c39e90264f33305004495a9","hash":"8628705caf0f38227e732586568b657724016ca3"}
,"C:\\Mudik Training\\NodeJS\\movierental\\model\\usersModel.js": {"path":"C:\\Mudik Training\\NodeJS\\movierental\\model\\usersModel.js","statementMap":{"0":{"start":{"line":1,"column":12},"end":{"line":1,"column":26}},"1":{"start":{"line":2,"column":38},"end":{"line":2,"column":57}},"2":{"start":{"line":3,"column":12},"end":{"line":3,"column":35}},"3":{"start":{"line":4,"column":15},"end":{"line":4,"column":32}},"4":{"start":{"line":6,"column":20},"end":{"line":26,"column":2}},"5":{"start":{"line":28,"column":0},"end":{"line":33,"column":2}},"6":{"start":{"line":29,"column":2},"end":{"line":32,"column":4}},"7":{"start":{"line":35,"column":13},"end":{"line":35,"column":48}},"8":{"start":{"line":38,"column":17},"end":{"line":43,"column":4}},"9":{"start":{"line":45,"column":2},"end":{"line":45,"column":31}},"10":{"start":{"line":48,"column":0},"end":{"line":48,"column":53}}},"fnMap":{"0":{"name":"(anonymous_0)","decl":{"start":{"line":28,"column":35},"end":{"line":28,"column":36}},"loc":{"start":{"line":28,"column":47},"end":{"line":33,"column":1}},"line":28},"1":{"name":"validateUser","decl":{"start":{"line":37,"column":9},"end":{"line":37,"column":21}},"loc":{"start":{"line":37,"column":28},"end":{"line":46,"column":1}},"line":37}},"branchMap":{},"s":{"0":8,"1":8,"2":8,"3":8,"4":8,"5":8,"6":93,"7":8,"8":18,"9":18,"10":8},"f":{"0":93,"1":18},"b":{},"_coverageSchema":"1a1c01bbd47fc00a2c39e90264f33305004495a9","hash":"ef3d3c257c541c1e2da98a1d3095280d6aac9b8b"}
,"C:\\Mudik Training\\NodeJS\\movierental\\router\\customer.js": {"path":"C:\\Mudik Training\\NodeJS\\movierental\\router\\customer.js","statementMap":{"0":{"start":{"line":1,"column":16},"end":{"line":1,"column":34}},"1":{"start":{"line":2,"column":15},"end":{"line":2,"column":31}},"2":{"start":{"line":3,"column":39},"end":{"line":3,"column":72}},"3":{"start":{"line":4,"column":30},"end":{"line":4,"column":59}},"4":{"start":{"line":5,"column":31},"end":{"line":5,"column":61}},"5":{"start":{"line":6,"column":29},"end":{"line":6,"column":70}},"6":{"start":{"line":10,"column":0},"end":{"line":15,"column":3}},"7":{"start":{"line":11,"column":20},"end":{"line":11,"column":43}},"8":{"start":{"line":12,"column":2},"end":{"line":13,"column":65}},"9":{"start":{"line":13,"column":4},"end":{"line":13,"column":65}},"10":{"start":{"line":14,"column":2},"end":{"line":14,"column":34}},"11":{"start":{"line":19,"column":0},"end":{"line":23,"column":3}},"12":{"start":{"line":20,"column":19},"end":{"line":20,"column":57}},"13":{"start":{"line":21,"column":2},"end":{"line":21,"column":79}},"14":{"start":{"line":21,"column":17},"end":{"line":21,"column":79}},"15":{"start":{"line":22,"column":2},"end":{"line":22,"column":33}},"16":{"start":{"line":27,"column":0},"end":{"line":37,"column":3}},"17":{"start":{"line":28,"column":20},"end":{"line":28,"column":46}},"18":{"start":{"line":29,"column":2},"end":{"line":29,"column":67}},"19":{"start":{"line":29,"column":13},"end":{"line":29,"column":67}},"20":{"start":{"line":30,"column":19},"end":{"line":34,"column":4}},"21":{"start":{"line":35,"column":2},"end":{"line":35,"column":24}},"22":{"start":{"line":36,"column":2},"end":{"line":36,"column":33}},"23":{"start":{"line":41,"column":0},"end":{"line":66,"column":2}},"24":{"start":{"line":47,"column":22},"end":{"line":47,"column":48}},"25":{"start":{"line":48,"column":4},"end":{"line":48,"column":69}},"26":{"start":{"line":48,"column":15},"end":{"line":48,"column":69}},"27":{"start":{"line":49,"column":21},"end":{"line":59,"column":5}},"28":{"start":{"line":60,"column":4},"end":{"line":63,"column":63}},"29":{"start":{"line":61,"column":6},"end":{"line":63,"column":63}},"30":{"start":{"line":64,"column":4},"end":{"line":64,"column":35}},"31":{"start":{"line":70,"column":0},"end":{"line":81,"column":2}},"32":{"start":{"line":76,"column":21},"end":{"line":76,"column":77}},"33":{"start":{"line":77,"column":4},"end":{"line":78,"column":69}},"34":{"start":{"line":78,"column":6},"end":{"line":78,"column":69}},"35":{"start":{"line":79,"column":4},"end":{"line":79,"column":42}},"36":{"start":{"line":83,"column":0},"end":{"line":83,"column":24}}},"fnMap":{"0":{"name":"(anonymous_0)","decl":{"start":{"line":10,"column":16},"end":{"line":10,"column":17}},"loc":{"start":{"line":10,"column":42},"end":{"line":15,"column":1}},"line":10},"1":{"name":"(anonymous_1)","decl":{"start":{"line":19,"column":37},"end":{"line":19,"column":38}},"loc":{"start":{"line":19,"column":63},"end":{"line":23,"column":1}},"line":19},"2":{"name":"(anonymous_2)","decl":{"start":{"line":27,"column":36},"end":{"line":27,"column":37}},"loc":{"start":{"line":27,"column":62},"end":{"line":37,"column":1}},"line":27},"3":{"name":"(anonymous_3)","decl":{"start":{"line":46,"column":2},"end":{"line":46,"column":3}},"loc":{"start":{"line":46,"column":28},"end":{"line":65,"column":3}},"line":46},"4":{"name":"(anonymous_4)","decl":{"start":{"line":75,"column":2},"end":{"line":75,"column":3}},"loc":{"start":{"line":75,"column":28},"end":{"line":80,"column":3}},"line":75}},"branchMap":{"0":{"loc":{"start":{"line":12,"column":2},"end":{"line":13,"column":65}},"type":"if","locations":[{"start":{"line":12,"column":2},"end":{"line":13,"column":65}},{"start":{},"end":{}}],"line":12},"1":{"loc":{"start":{"line":12,"column":6},"end":{"line":12,"column":41}},"type":"binary-expr","locations":[{"start":{"line":12,"column":6},"end":{"line":12,"column":15}},{"start":{"line":12,"column":19},"end":{"line":12,"column":41}}],"line":12},"2":{"loc":{"start":{"line":21,"column":2},"end":{"line":21,"column":79}},"type":"if","locations":[{"start":{"line":21,"column":2},"end":{"line":21,"column":79}},{"start":{},"end":{}}],"line":21},"3":{"loc":{"start":{"line":29,"column":2},"end":{"line":29,"column":67}},"type":"if","locations":[{"start":{"line":29,"column":2},"end":{"line":29,"column":67}},{"start":{},"end":{}}],"line":29},"4":{"loc":{"start":{"line":48,"column":4},"end":{"line":48,"column":69}},"type":"if","locations":[{"start":{"line":48,"column":4},"end":{"line":48,"column":69}},{"start":{},"end":{}}],"line":48},"5":{"loc":{"start":{"line":60,"column":4},"end":{"line":63,"column":63}},"type":"if","locations":[{"start":{"line":60,"column":4},"end":{"line":63,"column":63}},{"start":{},"end":{}}],"line":60},"6":{"loc":{"start":{"line":77,"column":4},"end":{"line":78,"column":69}},"type":"if","locations":[{"start":{"line":77,"column":4},"end":{"line":78,"column":69}},{"start":{},"end":{}}],"line":77}},"s":{"0":7,"1":7,"2":7,"3":7,"4":7,"5":7,"6":7,"7":2,"8":2,"9":1,"10":1,"11":7,"12":2,"13":2,"14":1,"15":1,"16":7,"17":5,"18":5,"19":4,"20":1,"21":1,"22":1,"23":7,"24":6,"25":6,"26":4,"27":2,"28":2,"29":1,"30":1,"31":7,"32":2,"33":2,"34":1,"35":1,"36":7},"f":{"0":2,"1":2,"2":5,"3":6,"4":2},"b":{"0":[1,1],"1":[2,2],"2":[1,1],"3":[4,1],"4":[4,2],"5":[1,1],"6":[1,1]},"_coverageSchema":"1a1c01bbd47fc00a2c39e90264f33305004495a9","hash":"13d405cb292e4096dfb5c74eb4e4f8126f95f600"}
,"C:\\Mudik Training\\NodeJS\\movierental\\router\\genre.js": {"path":"C:\\Mudik Training\\NodeJS\\movierental\\router\\genre.js","statementMap":{"0":{"start":{"line":1,"column":16},"end":{"line":1,"column":34}},"1":{"start":{"line":2,"column":15},"end":{"line":2,"column":31}},"2":{"start":{"line":3,"column":33},"end":{"line":3,"column":64}},"3":{"start":{"line":4,"column":30},"end":{"line":4,"column":59}},"4":{"start":{"line":5,"column":31},"end":{"line":5,"column":61}},"5":{"start":{"line":6,"column":29},"end":{"line":6,"column":70}},"6":{"start":{"line":7,"column":16},"end":{"line":7,"column":53}},"7":{"start":{"line":12,"column":0},"end":{"line":17,"column":3}},"8":{"start":{"line":13,"column":17},"end":{"line":13,"column":37}},"9":{"start":{"line":14,"column":2},"end":{"line":15,"column":52}},"10":{"start":{"line":15,"column":4},"end":{"line":15,"column":52}},"11":{"start":{"line":16,"column":2},"end":{"line":16,"column":31}},"12":{"start":{"line":21,"column":0},"end":{"line":27,"column":3}},"13":{"start":{"line":22,"column":16},"end":{"line":22,"column":51}},"14":{"start":{"line":23,"column":2},"end":{"line":24,"column":74}},"15":{"start":{"line":24,"column":4},"end":{"line":24,"column":74}},"16":{"start":{"line":26,"column":2},"end":{"line":26,"column":30}},"17":{"start":{"line":30,"column":0},"end":{"line":47,"column":3}},"18":{"start":{"line":31,"column":20},"end":{"line":31,"column":43}},"19":{"start":{"line":32,"column":2},"end":{"line":32,"column":67}},"20":{"start":{"line":32,"column":13},"end":{"line":32,"column":67}},"21":{"start":{"line":34,"column":21},"end":{"line":34,"column":78}},"22":{"start":{"line":36,"column":14},"end":{"line":38,"column":4}},"23":{"start":{"line":39,"column":2},"end":{"line":39,"column":74}},"24":{"start":{"line":39,"column":13},"end":{"line":39,"column":74}},"25":{"start":{"line":41,"column":2},"end":{"line":43,"column":5}},"26":{"start":{"line":45,"column":2},"end":{"line":45,"column":21}},"27":{"start":{"line":46,"column":2},"end":{"line":46,"column":30}},"28":{"start":{"line":51,"column":0},"end":{"line":71,"column":2}},"29":{"start":{"line":57,"column":22},"end":{"line":57,"column":45}},"30":{"start":{"line":58,"column":4},"end":{"line":58,"column":69}},"31":{"start":{"line":58,"column":15},"end":{"line":58,"column":69}},"32":{"start":{"line":60,"column":18},"end":{"line":66,"column":5}},"33":{"start":{"line":67,"column":4},"end":{"line":68,"column":76}},"34":{"start":{"line":68,"column":6},"end":{"line":68,"column":76}},"35":{"start":{"line":69,"column":4},"end":{"line":69,"column":32}},"36":{"start":{"line":75,"column":0},"end":{"line":92,"column":2}},"37":{"start":{"line":81,"column":18},"end":{"line":81,"column":53}},"38":{"start":{"line":82,"column":4},"end":{"line":82,"column":80}},"39":{"start":{"line":82,"column":16},"end":{"line":82,"column":80}},"40":{"start":{"line":86,"column":4},"end":{"line":86,"column":50}},"41":{"start":{"line":87,"column":4},"end":{"line":87,"column":32}},"42":{"start":{"line":94,"column":0},"end":{"line":94,"column":24}}},"fnMap":{"0":{"name":"(anonymous_0)","decl":{"start":{"line":12,"column":16},"end":{"line":12,"column":17}},"loc":{"start":{"line":12,"column":36},"end":{"line":17,"column":1}},"line":12},"1":{"name":"(anonymous_1)","decl":{"start":{"line":21,"column":37},"end":{"line":21,"column":38}},"loc":{"start":{"line":21,"column":63},"end":{"line":27,"column":1}},"line":21},"2":{"name":"(anonymous_2)","decl":{"start":{"line":30,"column":36},"end":{"line":30,"column":37}},"loc":{"start":{"line":30,"column":62},"end":{"line":47,"column":1}},"line":30},"3":{"name":"(anonymous_3)","decl":{"start":{"line":56,"column":2},"end":{"line":56,"column":3}},"loc":{"start":{"line":56,"column":28},"end":{"line":70,"column":3}},"line":56},"4":{"name":"(anonymous_4)","decl":{"start":{"line":80,"column":2},"end":{"line":80,"column":3}},"loc":{"start":{"line":80,"column":28},"end":{"line":91,"column":3}},"line":80}},"branchMap":{"0":{"loc":{"start":{"line":14,"column":2},"end":{"line":15,"column":52}},"type":"if","locations":[{"start":{"line":14,"column":2},"end":{"line":15,"column":52}},{"start":{},"end":{}}],"line":14},"1":{"loc":{"start":{"line":14,"column":6},"end":{"line":14,"column":35}},"type":"binary-expr","locations":[{"start":{"line":14,"column":6},"end":{"line":14,"column":12}},{"start":{"line":14,"column":16},"end":{"line":14,"column":35}}],"line":14},"2":{"loc":{"start":{"line":23,"column":2},"end":{"line":24,"column":74}},"type":"if","locations":[{"start":{"line":23,"column":2},"end":{"line":24,"column":74}},{"start":{},"end":{}}],"line":23},"3":{"loc":{"start":{"line":32,"column":2},"end":{"line":32,"column":67}},"type":"if","locations":[{"start":{"line":32,"column":2},"end":{"line":32,"column":67}},{"start":{},"end":{}}],"line":32},"4":{"loc":{"start":{"line":39,"column":2},"end":{"line":39,"column":74}},"type":"if","locations":[{"start":{"line":39,"column":2},"end":{"line":39,"column":74}},{"start":{},"end":{}}],"line":39},"5":{"loc":{"start":{"line":58,"column":4},"end":{"line":58,"column":69}},"type":"if","locations":[{"start":{"line":58,"column":4},"end":{"line":58,"column":69}},{"start":{},"end":{}}],"line":58},"6":{"loc":{"start":{"line":67,"column":4},"end":{"line":68,"column":76}},"type":"if","locations":[{"start":{"line":67,"column":4},"end":{"line":68,"column":76}},{"start":{},"end":{}}],"line":67},"7":{"loc":{"start":{"line":82,"column":4},"end":{"line":82,"column":80}},"type":"if","locations":[{"start":{"line":82,"column":4},"end":{"line":82,"column":80}},{"start":{},"end":{}}],"line":82}},"s":{"0":7,"1":7,"2":7,"3":7,"4":7,"5":7,"6":7,"7":7,"8":2,"9":2,"10":1,"11":1,"12":7,"13":2,"14":2,"15":1,"16":1,"17":7,"18":5,"19":5,"20":2,"21":3,"22":3,"23":3,"24":1,"25":2,"26":2,"27":2,"28":7,"29":4,"30":4,"31":2,"32":2,"33":2,"34":1,"35":1,"36":7,"37":2,"38":2,"39":1,"40":1,"41":1,"42":7},"f":{"0":2,"1":2,"2":5,"3":4,"4":2},"b":{"0":[1,1],"1":[2,2],"2":[1,1],"3":[2,3],"4":[1,2],"5":[2,2],"6":[1,1],"7":[1,1]},"_coverageSchema":"1a1c01bbd47fc00a2c39e90264f33305004495a9","hash":"a88796be2017a5da2d0ad8a36943c1eef98bad46"}
,"C:\\Mudik Training\\NodeJS\\movierental\\router\\logins.js": {"path":"C:\\Mudik Training\\NodeJS\\movierental\\router\\logins.js","statementMap":{"0":{"start":{"line":1,"column":16},"end":{"line":1,"column":34}},"1":{"start":{"line":2,"column":15},"end":{"line":2,"column":31}},"2":{"start":{"line":3,"column":12},"end":{"line":3,"column":26}},"3":{"start":{"line":4,"column":15},"end":{"line":4,"column":32}},"4":{"start":{"line":5,"column":17},"end":{"line":5,"column":47}},"5":{"start":{"line":6,"column":19},"end":{"line":6,"column":43}},"6":{"start":{"line":8,"column":0},"end":{"line":20,"column":3}},"7":{"start":{"line":9,"column":20},"end":{"line":9,"column":38}},"8":{"start":{"line":10,"column":2},"end":{"line":10,"column":68}},"9":{"start":{"line":10,"column":13},"end":{"line":10,"column":68}},"10":{"start":{"line":12,"column":15},"end":{"line":12,"column":60}},"11":{"start":{"line":13,"column":2},"end":{"line":13,"column":70}},"12":{"start":{"line":13,"column":13},"end":{"line":13,"column":70}},"13":{"start":{"line":15,"column":18},"end":{"line":15,"column":72}},"14":{"start":{"line":16,"column":2},"end":{"line":16,"column":74}},"15":{"start":{"line":16,"column":16},"end":{"line":16,"column":74}},"16":{"start":{"line":18,"column":16},"end":{"line":18,"column":35}},"17":{"start":{"line":19,"column":2},"end":{"line":19,"column":30}},"18":{"start":{"line":23,"column":17},"end":{"line":26,"column":4}},"19":{"start":{"line":28,"column":2},"end":{"line":28,"column":31}},"20":{"start":{"line":30,"column":0},"end":{"line":30,"column":24}}},"fnMap":{"0":{"name":"(anonymous_0)","decl":{"start":{"line":8,"column":17},"end":{"line":8,"column":18}},"loc":{"start":{"line":8,"column":37},"end":{"line":20,"column":1}},"line":8},"1":{"name":"validate","decl":{"start":{"line":22,"column":9},"end":{"line":22,"column":17}},"loc":{"start":{"line":22,"column":24},"end":{"line":29,"column":1}},"line":22}},"branchMap":{"0":{"loc":{"start":{"line":10,"column":2},"end":{"line":10,"column":68}},"type":"if","locations":[{"start":{"line":10,"column":2},"end":{"line":10,"column":68}},{"start":{},"end":{}}],"line":10},"1":{"loc":{"start":{"line":13,"column":2},"end":{"line":13,"column":70}},"type":"if","locations":[{"start":{"line":13,"column":2},"end":{"line":13,"column":70}},{"start":{},"end":{}}],"line":13},"2":{"loc":{"start":{"line":16,"column":2},"end":{"line":16,"column":74}},"type":"if","locations":[{"start":{"line":16,"column":2},"end":{"line":16,"column":74}},{"start":{},"end":{}}],"line":16}},"s":{"0":7,"1":7,"2":7,"3":7,"4":7,"5":7,"6":7,"7":8,"8":8,"9":5,"10":3,"11":3,"12":1,"13":2,"14":2,"15":1,"16":1,"17":1,"18":8,"19":8,"20":7},"f":{"0":8,"1":8},"b":{"0":[5,3],"1":[1,2],"2":[1,1]},"_coverageSchema":"1a1c01bbd47fc00a2c39e90264f33305004495a9","hash":"c2a0c22a37891b2eaa5029c13a44cf78d4ae77c6"}
,"C:\\Mudik Training\\NodeJS\\movierental\\router\\movies.js": {"path":"C:\\Mudik Training\\NodeJS\\movierental\\router\\movies.js","statementMap":{"0":{"start":{"line":1,"column":16},"end":{"line":1,"column":34}},"1":{"start":{"line":2,"column":15},"end":{"line":2,"column":31}},"2":{"start":{"line":3,"column":18},"end":{"line":3,"column":49}},"3":{"start":{"line":4,"column":34},"end":{"line":4,"column":64}},"4":{"start":{"line":5,"column":30},"end":{"line":5,"column":59}},"5":{"start":{"line":6,"column":31},"end":{"line":6,"column":61}},"6":{"start":{"line":7,"column":29},"end":{"line":7,"column":70}},"7":{"start":{"line":13,"column":0},"end":{"line":18,"column":3}},"8":{"start":{"line":14,"column":17},"end":{"line":14,"column":37}},"9":{"start":{"line":15,"column":2},"end":{"line":16,"column":54}},"10":{"start":{"line":16,"column":4},"end":{"line":16,"column":54}},"11":{"start":{"line":17,"column":2},"end":{"line":17,"column":31}},"12":{"start":{"line":22,"column":0},"end":{"line":26,"column":3}},"13":{"start":{"line":23,"column":16},"end":{"line":23,"column":51}},"14":{"start":{"line":24,"column":2},"end":{"line":24,"column":80}},"15":{"start":{"line":24,"column":14},"end":{"line":24,"column":80}},"16":{"start":{"line":25,"column":2},"end":{"line":25,"column":30}},"17":{"start":{"line":30,"column":0},"end":{"line":49,"column":3}},"18":{"start":{"line":31,"column":20},"end":{"line":31,"column":44}},"19":{"start":{"line":32,"column":2},"end":{"line":32,"column":67}},"20":{"start":{"line":32,"column":13},"end":{"line":32,"column":67}},"21":{"start":{"line":34,"column":16},"end":{"line":34,"column":54}},"22":{"start":{"line":35,"column":2},"end":{"line":35,"column":77}},"23":{"start":{"line":35,"column":14},"end":{"line":35,"column":77}},"24":{"start":{"line":37,"column":16},"end":{"line":46,"column":4}},"25":{"start":{"line":47,"column":2},"end":{"line":47,"column":21}},"26":{"start":{"line":48,"column":2},"end":{"line":48,"column":30}},"27":{"start":{"line":53,"column":0},"end":{"line":83,"column":2}},"28":{"start":{"line":59,"column":22},"end":{"line":59,"column":46}},"29":{"start":{"line":60,"column":4},"end":{"line":60,"column":69}},"30":{"start":{"line":60,"column":15},"end":{"line":60,"column":69}},"31":{"start":{"line":62,"column":18},"end":{"line":62,"column":56}},"32":{"start":{"line":63,"column":4},"end":{"line":64,"column":74}},"33":{"start":{"line":64,"column":6},"end":{"line":64,"column":74}},"34":{"start":{"line":66,"column":18},"end":{"line":78,"column":5}},"35":{"start":{"line":79,"column":4},"end":{"line":80,"column":74}},"36":{"start":{"line":80,"column":6},"end":{"line":80,"column":74}},"37":{"start":{"line":81,"column":4},"end":{"line":81,"column":32}},"38":{"start":{"line":87,"column":0},"end":{"line":97,"column":2}},"39":{"start":{"line":93,"column":18},"end":{"line":93,"column":62}},"40":{"start":{"line":94,"column":4},"end":{"line":94,"column":74}},"41":{"start":{"line":94,"column":16},"end":{"line":94,"column":74}},"42":{"start":{"line":95,"column":4},"end":{"line":95,"column":39}},"43":{"start":{"line":99,"column":0},"end":{"line":99,"column":24}}},"fnMap":{"0":{"name":"(anonymous_0)","decl":{"start":{"line":13,"column":16},"end":{"line":13,"column":17}},"loc":{"start":{"line":13,"column":42},"end":{"line":18,"column":1}},"line":13},"1":{"name":"(anonymous_1)","decl":{"start":{"line":22,"column":37},"end":{"line":22,"column":38}},"loc":{"start":{"line":22,"column":63},"end":{"line":26,"column":1}},"line":22},"2":{"name":"(anonymous_2)","decl":{"start":{"line":30,"column":36},"end":{"line":30,"column":37}},"loc":{"start":{"line":30,"column":62},"end":{"line":49,"column":1}},"line":30},"3":{"name":"(anonymous_3)","decl":{"start":{"line":58,"column":2},"end":{"line":58,"column":3}},"loc":{"start":{"line":58,"column":28},"end":{"line":82,"column":3}},"line":58},"4":{"name":"(anonymous_4)","decl":{"start":{"line":92,"column":2},"end":{"line":92,"column":3}},"loc":{"start":{"line":92,"column":28},"end":{"line":96,"column":3}},"line":92}},"branchMap":{"0":{"loc":{"start":{"line":15,"column":2},"end":{"line":16,"column":54}},"type":"if","locations":[{"start":{"line":15,"column":2},"end":{"line":16,"column":54}},{"start":{},"end":{}}],"line":15},"1":{"loc":{"start":{"line":15,"column":6},"end":{"line":15,"column":35}},"type":"binary-expr","locations":[{"start":{"line":15,"column":6},"end":{"line":15,"column":12}},{"start":{"line":15,"column":16},"end":{"line":15,"column":35}}],"line":15},"2":{"loc":{"start":{"line":24,"column":2},"end":{"line":24,"column":80}},"type":"if","locations":[{"start":{"line":24,"column":2},"end":{"line":24,"column":80}},{"start":{},"end":{}}],"line":24},"3":{"loc":{"start":{"line":32,"column":2},"end":{"line":32,"column":67}},"type":"if","locations":[{"start":{"line":32,"column":2},"end":{"line":32,"column":67}},{"start":{},"end":{}}],"line":32},"4":{"loc":{"start":{"line":35,"column":2},"end":{"line":35,"column":77}},"type":"if","locations":[{"start":{"line":35,"column":2},"end":{"line":35,"column":77}},{"start":{},"end":{}}],"line":35},"5":{"loc":{"start":{"line":60,"column":4},"end":{"line":60,"column":69}},"type":"if","locations":[{"start":{"line":60,"column":4},"end":{"line":60,"column":69}},{"start":{},"end":{}}],"line":60},"6":{"loc":{"start":{"line":63,"column":4},"end":{"line":64,"column":74}},"type":"if","locations":[{"start":{"line":63,"column":4},"end":{"line":64,"column":74}},{"start":{},"end":{}}],"line":63},"7":{"loc":{"start":{"line":79,"column":4},"end":{"line":80,"column":74}},"type":"if","locations":[{"start":{"line":79,"column":4},"end":{"line":80,"column":74}},{"start":{},"end":{}}],"line":79},"8":{"loc":{"start":{"line":94,"column":4},"end":{"line":94,"column":74}},"type":"if","locations":[{"start":{"line":94,"column":4},"end":{"line":94,"column":74}},{"start":{},"end":{}}],"line":94}},"s":{"0":7,"1":7,"2":7,"3":7,"4":7,"5":7,"6":7,"7":7,"8":2,"9":2,"10":1,"11":1,"12":7,"13":2,"14":2,"15":1,"16":1,"17":7,"18":9,"19":9,"20":7,"21":2,"22":2,"23":1,"24":1,"25":1,"26":1,"27":7,"28":10,"29":10,"30":7,"31":3,"32":3,"33":1,"34":2,"35":2,"36":1,"37":1,"38":7,"39":2,"40":2,"41":1,"42":1,"43":7},"f":{"0":2,"1":2,"2":9,"3":10,"4":2},"b":{"0":[1,1],"1":[2,2],"2":[1,1],"3":[7,2],"4":[1,1],"5":[7,3],"6":[1,2],"7":[1,1],"8":[1,1]},"_coverageSchema":"1a1c01bbd47fc00a2c39e90264f33305004495a9","hash":"c8d52597724f11f2f85e7dc26eaf9c5b5a69fa6f"}
,"C:\\Mudik Training\\NodeJS\\movierental\\router\\rentals.js": {"path":"C:\\Mudik Training\\NodeJS\\movierental\\router\\rentals.js","statementMap":{"0":{"start":{"line":1,"column":16},"end":{"line":1,"column":34}},"1":{"start":{"line":2,"column":15},"end":{"line":2,"column":31}},"2":{"start":{"line":3,"column":18},"end":{"line":3,"column":48}},"3":{"start":{"line":4,"column":37},"end":{"line":4,"column":69}},"4":{"start":{"line":5,"column":21},"end":{"line":5,"column":54}},"5":{"start":{"line":6,"column":30},"end":{"line":6,"column":59}},"6":{"start":{"line":7,"column":31},"end":{"line":7,"column":61}},"7":{"start":{"line":8,"column":29},"end":{"line":8,"column":70}},"8":{"start":{"line":12,"column":0},"end":{"line":17,"column":3}},"9":{"start":{"line":13,"column":18},"end":{"line":13,"column":40}},"10":{"start":{"line":14,"column":2},"end":{"line":15,"column":64}},"11":{"start":{"line":15,"column":4},"end":{"line":15,"column":64}},"12":{"start":{"line":16,"column":2},"end":{"line":16,"column":32}},"13":{"start":{"line":20,"column":0},"end":{"line":25,"column":3}},"14":{"start":{"line":21,"column":17},"end":{"line":21,"column":54}},"15":{"start":{"line":22,"column":2},"end":{"line":23,"column":73}},"16":{"start":{"line":23,"column":4},"end":{"line":23,"column":73}},"17":{"start":{"line":24,"column":2},"end":{"line":24,"column":31}},"18":{"start":{"line":29,"column":0},"end":{"line":73,"column":3}},"19":{"start":{"line":30,"column":18},"end":{"line":30,"column":43}},"20":{"start":{"line":31,"column":2},"end":{"line":31,"column":67}},"21":{"start":{"line":31,"column":13},"end":{"line":31,"column":67}},"22":{"start":{"line":33,"column":19},"end":{"line":33,"column":63}},"23":{"start":{"line":34,"column":2},"end":{"line":35,"column":78}},"24":{"start":{"line":35,"column":4},"end":{"line":35,"column":78}},"25":{"start":{"line":37,"column":16},"end":{"line":37,"column":54}},"26":{"start":{"line":38,"column":2},"end":{"line":39,"column":75}},"27":{"start":{"line":39,"column":4},"end":{"line":39,"column":75}},"28":{"start":{"line":41,"column":2},"end":{"line":42,"column":58}},"29":{"start":{"line":42,"column":4},"end":{"line":42,"column":58}},"30":{"start":{"line":44,"column":17},"end":{"line":59,"column":4}},"31":{"start":{"line":60,"column":18},"end":{"line":60,"column":46}},"32":{"start":{"line":61,"column":2},"end":{"line":61,"column":29}},"33":{"start":{"line":62,"column":2},"end":{"line":69,"column":3}},"34":{"start":{"line":63,"column":4},"end":{"line":63,"column":24}},"35":{"start":{"line":64,"column":4},"end":{"line":64,"column":30}},"36":{"start":{"line":65,"column":4},"end":{"line":65,"column":23}},"37":{"start":{"line":67,"column":4},"end":{"line":67,"column":31}},"38":{"start":{"line":68,"column":4},"end":{"line":68,"column":32}},"39":{"start":{"line":70,"column":2},"end":{"line":70,"column":30}},"40":{"start":{"line":71,"column":2},"end":{"line":71,"column":23}},"41":{"start":{"line":72,"column":2},"end":{"line":72,"column":31}},"42":{"start":{"line":75,"column":0},"end":{"line":104,"column":2}},"43":{"start":{"line":81,"column":19},"end":{"line":81,"column":56}},"44":{"start":{"line":82,"column":4},"end":{"line":83,"column":78}},"45":{"start":{"line":83,"column":6},"end":{"line":83,"column":78}},"46":{"start":{"line":85,"column":18},"end":{"line":85,"column":56}},"47":{"start":{"line":86,"column":4},"end":{"line":87,"column":77}},"48":{"start":{"line":87,"column":6},"end":{"line":87,"column":77}},"49":{"start":{"line":89,"column":20},"end":{"line":89,"column":48}},"50":{"start":{"line":90,"column":4},"end":{"line":90,"column":31}},"51":{"start":{"line":91,"column":4},"end":{"line":98,"column":5}},"52":{"start":{"line":92,"column":6},"end":{"line":92,"column":38}},"53":{"start":{"line":93,"column":6},"end":{"line":93,"column":32}},"54":{"start":{"line":94,"column":6},"end":{"line":94,"column":25}},"55":{"start":{"line":96,"column":6},"end":{"line":96,"column":33}},"56":{"start":{"line":97,"column":6},"end":{"line":97,"column":34}},"57":{"start":{"line":99,"column":4},"end":{"line":99,"column":32}},"58":{"start":{"line":100,"column":4},"end":{"line":100,"column":25}},"59":{"start":{"line":102,"column":4},"end":{"line":102,"column":33}},"60":{"start":{"line":106,"column":0},"end":{"line":136,"column":2}},"61":{"start":{"line":112,"column":19},"end":{"line":112,"column":56}},"62":{"start":{"line":113,"column":4},"end":{"line":114,"column":72}},"63":{"start":{"line":114,"column":6},"end":{"line":114,"column":72}},"64":{"start":{"line":116,"column":18},"end":{"line":116,"column":56}},"65":{"start":{"line":117,"column":4},"end":{"line":118,"column":71}},"66":{"start":{"line":118,"column":6},"end":{"line":118,"column":71}},"67":{"start":{"line":120,"column":20},"end":{"line":120,"column":48}},"68":{"start":{"line":121,"column":4},"end":{"line":121,"column":31}},"69":{"start":{"line":122,"column":4},"end":{"line":131,"column":5}},"70":{"start":{"line":123,"column":6},"end":{"line":123,"column":50}},"71":{"start":{"line":124,"column":6},"end":{"line":124,"column":39}},"72":{"start":{"line":125,"column":6},"end":{"line":125,"column":26}},"73":{"start":{"line":126,"column":6},"end":{"line":126,"column":32}},"74":{"start":{"line":127,"column":6},"end":{"line":127,"column":25}},"75":{"start":{"line":129,"column":6},"end":{"line":129,"column":33}},"76":{"start":{"line":130,"column":6},"end":{"line":130,"column":34}},"77":{"start":{"line":132,"column":4},"end":{"line":132,"column":32}},"78":{"start":{"line":133,"column":4},"end":{"line":133,"column":25}},"79":{"start":{"line":134,"column":4},"end":{"line":134,"column":33}},"80":{"start":{"line":138,"column":0},"end":{"line":138,"column":24}}},"fnMap":{"0":{"name":"(anonymous_0)","decl":{"start":{"line":12,"column":16},"end":{"line":12,"column":17}},"loc":{"start":{"line":12,"column":42},"end":{"line":17,"column":1}},"line":12},"1":{"name":"(anonymous_1)","decl":{"start":{"line":20,"column":37},"end":{"line":20,"column":38}},"loc":{"start":{"line":20,"column":63},"end":{"line":25,"column":1}},"line":20},"2":{"name":"(anonymous_2)","decl":{"start":{"line":29,"column":36},"end":{"line":29,"column":37}},"loc":{"start":{"line":29,"column":62},"end":{"line":73,"column":1}},"line":29},"3":{"name":"(anonymous_3)","decl":{"start":{"line":80,"column":2},"end":{"line":80,"column":3}},"loc":{"start":{"line":80,"column":28},"end":{"line":103,"column":3}},"line":80},"4":{"name":"(anonymous_4)","decl":{"start":{"line":111,"column":2},"end":{"line":111,"column":3}},"loc":{"start":{"line":111,"column":28},"end":{"line":135,"column":3}},"line":111}},"branchMap":{"0":{"loc":{"start":{"line":14,"column":2},"end":{"line":15,"column":64}},"type":"if","locations":[{"start":{"line":14,"column":2},"end":{"line":15,"column":64}},{"start":{},"end":{}}],"line":14},"1":{"loc":{"start":{"line":14,"column":6},"end":{"line":14,"column":37}},"type":"binary-expr","locations":[{"start":{"line":14,"column":6},"end":{"line":14,"column":13}},{"start":{"line":14,"column":17},"end":{"line":14,"column":37}}],"line":14},"2":{"loc":{"start":{"line":22,"column":2},"end":{"line":23,"column":73}},"type":"if","locations":[{"start":{"line":22,"column":2},"end":{"line":23,"column":73}},{"start":{},"end":{}}],"line":22},"3":{"loc":{"start":{"line":31,"column":2},"end":{"line":31,"column":67}},"type":"if","locations":[{"start":{"line":31,"column":2},"end":{"line":31,"column":67}},{"start":{},"end":{}}],"line":31},"4":{"loc":{"start":{"line":34,"column":2},"end":{"line":35,"column":78}},"type":"if","locations":[{"start":{"line":34,"column":2},"end":{"line":35,"column":78}},{"start":{},"end":{}}],"line":34},"5":{"loc":{"start":{"line":38,"column":2},"end":{"line":39,"column":75}},"type":"if","locations":[{"start":{"line":38,"column":2},"end":{"line":39,"column":75}},{"start":{},"end":{}}],"line":38},"6":{"loc":{"start":{"line":41,"column":2},"end":{"line":42,"column":58}},"type":"if","locations":[{"start":{"line":41,"column":2},"end":{"line":42,"column":58}},{"start":{},"end":{}}],"line":41},"7":{"loc":{"start":{"line":82,"column":4},"end":{"line":83,"column":78}},"type":"if","locations":[{"start":{"line":82,"column":4},"end":{"line":83,"column":78}},{"start":{},"end":{}}],"line":82},"8":{"loc":{"start":{"line":86,"column":4},"end":{"line":87,"column":77}},"type":"if","locations":[{"start":{"line":86,"column":4},"end":{"line":87,"column":77}},{"start":{},"end":{}}],"line":86},"9":{"loc":{"start":{"line":113,"column":4},"end":{"line":114,"column":72}},"type":"if","locations":[{"start":{"line":113,"column":4},"end":{"line":114,"column":72}},{"start":{},"end":{}}],"line":113},"10":{"loc":{"start":{"line":117,"column":4},"end":{"line":118,"column":71}},"type":"if","locations":[{"start":{"line":117,"column":4},"end":{"line":118,"column":71}},{"start":{},"end":{}}],"line":117}},"s":{"0":7,"1":7,"2":7,"3":7,"4":7,"5":7,"6":7,"7":7,"8":7,"9":2,"10":2,"11":1,"12":1,"13":7,"14":2,"15":2,"16":1,"17":1,"18":7,"19":8,"20":8,"21":2,"22":6,"23":6,"24":1,"25":5,"26":5,"27":1,"28":4,"29":1,"30":3,"31":3,"32":3,"33":3,"34":3,"35":3,"36":3,"37":0,"38":0,"39":3,"40":3,"41":3,"42":7,"43":3,"44":3,"45":1,"46":2,"47":2,"48":1,"49":1,"50":1,"51":1,"52":1,"53":1,"54":1,"55":0,"56":0,"57":1,"58":1,"59":1,"60":7,"61":5,"62":5,"63":1,"64":4,"65":4,"66":1,"67":3,"68":3,"69":3,"70":3,"71":3,"72":3,"73":3,"74":3,"75":0,"76":0,"77":3,"78":3,"79":3,"80":7},"f":{"0":2,"1":2,"2":8,"3":3,"4":5},"b":{"0":[1,1],"1":[2,2],"2":[1,1],"3":[2,6],"4":[1,5],"5":[1,4],"6":[1,3],"7":[1,2],"8":[1,1],"9":[1,4],"10":[1,3]},"_coverageSchema":"1a1c01bbd47fc00a2c39e90264f33305004495a9","hash":"fd7267b673882f008038acaea0a97df9ee1c406c"}
,"C:\\Mudik Training\\NodeJS\\movierental\\router\\users.js": {"path":"C:\\Mudik Training\\NodeJS\\movierental\\router\\users.js","statementMap":{"0":{"start":{"line":1,"column":16},"end":{"line":1,"column":34}},"1":{"start":{"line":2,"column":15},"end":{"line":2,"column":31}},"2":{"start":{"line":3,"column":31},"end":{"line":3,"column":61}},"3":{"start":{"line":4,"column":15},"end":{"line":4,"column":32}},"4":{"start":{"line":5,"column":15},"end":{"line":5,"column":32}},"5":{"start":{"line":6,"column":19},"end":{"line":6,"column":43}},"6":{"start":{"line":7,"column":29},"end":{"line":7,"column":70}},"7":{"start":{"line":8,"column":31},"end":{"line":8,"column":61}},"8":{"start":{"line":9,"column":30},"end":{"line":9,"column":59}},"9":{"start":{"line":13,"column":0},"end":{"line":18,"column":3}},"10":{"start":{"line":14,"column":16},"end":{"line":14,"column":33}},"11":{"start":{"line":15,"column":2},"end":{"line":16,"column":59}},"12":{"start":{"line":16,"column":4},"end":{"line":16,"column":59}},"13":{"start":{"line":17,"column":2},"end":{"line":17,"column":30}},"14":{"start":{"line":21,"column":0},"end":{"line":26,"column":3}},"15":{"start":{"line":22,"column":15},"end":{"line":22,"column":49}},"16":{"start":{"line":23,"column":2},"end":{"line":24,"column":73}},"17":{"start":{"line":24,"column":4},"end":{"line":24,"column":73}},"18":{"start":{"line":25,"column":2},"end":{"line":25,"column":79}},"19":{"start":{"line":28,"column":0},"end":{"line":47,"column":3}},"20":{"start":{"line":29,"column":20},"end":{"line":29,"column":42}},"21":{"start":{"line":30,"column":2},"end":{"line":30,"column":67}},"22":{"start":{"line":30,"column":13},"end":{"line":30,"column":67}},"23":{"start":{"line":32,"column":13},"end":{"line":32,"column":58}},"24":{"start":{"line":33,"column":2},"end":{"line":33,"column":70}},"25":{"start":{"line":33,"column":12},"end":{"line":33,"column":70}},"26":{"start":{"line":35,"column":2},"end":{"line":40,"column":5}},"27":{"start":{"line":41,"column":15},"end":{"line":41,"column":39}},"28":{"start":{"line":42,"column":2},"end":{"line":42,"column":61}},"29":{"start":{"line":45,"column":2},"end":{"line":45,"column":20}},"30":{"start":{"line":46,"column":2},"end":{"line":46,"column":79}},"31":{"start":{"line":49,"column":0},"end":{"line":78,"column":2}},"32":{"start":{"line":55,"column":22},"end":{"line":55,"column":44}},"33":{"start":{"line":56,"column":4},"end":{"line":56,"column":69}},"34":{"start":{"line":56,"column":15},"end":{"line":56,"column":69}},"35":{"start":{"line":58,"column":17},"end":{"line":58,"column":41}},"36":{"start":{"line":60,"column":19},"end":{"line":71,"column":5}},"37":{"start":{"line":72,"column":4},"end":{"line":72,"column":75}},"38":{"start":{"line":72,"column":17},"end":{"line":72,"column":75}},"39":{"start":{"line":74,"column":4},"end":{"line":76,"column":70}},"40":{"start":{"line":80,"column":0},"end":{"line":88,"column":3}},"41":{"start":{"line":81,"column":15},"end":{"line":81,"column":58}},"42":{"start":{"line":82,"column":2},"end":{"line":83,"column":72}},"43":{"start":{"line":83,"column":4},"end":{"line":83,"column":72}},"44":{"start":{"line":85,"column":2},"end":{"line":87,"column":66}},"45":{"start":{"line":90,"column":0},"end":{"line":90,"column":24}}},"fnMap":{"0":{"name":"(anonymous_0)","decl":{"start":{"line":13,"column":16},"end":{"line":13,"column":17}},"loc":{"start":{"line":13,"column":36},"end":{"line":18,"column":1}},"line":13},"1":{"name":"(anonymous_1)","decl":{"start":{"line":21,"column":37},"end":{"line":21,"column":38}},"loc":{"start":{"line":21,"column":63},"end":{"line":26,"column":1}},"line":21},"2":{"name":"(anonymous_2)","decl":{"start":{"line":28,"column":17},"end":{"line":28,"column":18}},"loc":{"start":{"line":28,"column":37},"end":{"line":47,"column":1}},"line":28},"3":{"name":"(anonymous_3)","decl":{"start":{"line":54,"column":2},"end":{"line":54,"column":3}},"loc":{"start":{"line":54,"column":22},"end":{"line":77,"column":3}},"line":54},"4":{"name":"(anonymous_4)","decl":{"start":{"line":80,"column":59},"end":{"line":80,"column":60}},"loc":{"start":{"line":80,"column":79},"end":{"line":88,"column":1}},"line":80}},"branchMap":{"0":{"loc":{"start":{"line":15,"column":2},"end":{"line":16,"column":59}},"type":"if","locations":[{"start":{"line":15,"column":2},"end":{"line":16,"column":59}},{"start":{},"end":{}}],"line":15},"1":{"loc":{"start":{"line":15,"column":6},"end":{"line":15,"column":33}},"type":"binary-expr","locations":[{"start":{"line":15,"column":6},"end":{"line":15,"column":11}},{"start":{"line":15,"column":15},"end":{"line":15,"column":33}}],"line":15},"2":{"loc":{"start":{"line":23,"column":2},"end":{"line":24,"column":73}},"type":"if","locations":[{"start":{"line":23,"column":2},"end":{"line":24,"column":73}},{"start":{},"end":{}}],"line":23},"3":{"loc":{"start":{"line":30,"column":2},"end":{"line":30,"column":67}},"type":"if","locations":[{"start":{"line":30,"column":2},"end":{"line":30,"column":67}},{"start":{},"end":{}}],"line":30},"4":{"loc":{"start":{"line":33,"column":2},"end":{"line":33,"column":70}},"type":"if","locations":[{"start":{"line":33,"column":2},"end":{"line":33,"column":70}},{"start":{},"end":{}}],"line":33},"5":{"loc":{"start":{"line":56,"column":4},"end":{"line":56,"column":69}},"type":"if","locations":[{"start":{"line":56,"column":4},"end":{"line":56,"column":69}},{"start":{},"end":{}}],"line":56},"6":{"loc":{"start":{"line":72,"column":4},"end":{"line":72,"column":75}},"type":"if","locations":[{"start":{"line":72,"column":4},"end":{"line":72,"column":75}},{"start":{},"end":{}}],"line":72},"7":{"loc":{"start":{"line":82,"column":2},"end":{"line":83,"column":72}},"type":"if","locations":[{"start":{"line":82,"column":2},"end":{"line":83,"column":72}},{"start":{},"end":{}}],"line":82}},"s":{"0":7,"1":7,"2":7,"3":7,"4":7,"5":7,"6":7,"7":7,"8":7,"9":7,"10":2,"11":2,"12":1,"13":1,"14":7,"15":2,"16":2,"17":1,"18":1,"19":7,"20":9,"21":9,"22":7,"23":2,"24":2,"25":1,"26":1,"27":1,"28":1,"29":1,"30":1,"31":7,"32":9,"33":9,"34":7,"35":2,"36":2,"37":2,"38":1,"39":1,"40":7,"41":2,"42":2,"43":1,"44":1,"45":7},"f":{"0":2,"1":2,"2":9,"3":9,"4":2},"b":{"0":[1,1],"1":[2,2],"2":[1,1],"3":[7,2],"4":[1,1],"5":[7,2],"6":[1,1],"7":[1,1]},"_coverageSchema":"1a1c01bbd47fc00a2c39e90264f33305004495a9","hash":"7029a620806feb5ad1eb1774f3f1c5113d1a0b46"}
,"C:\\Mudik Training\\NodeJS\\movierental\\start\\config.js": {"path":"C:\\Mudik Training\\NodeJS\\movierental\\start\\config.js","statementMap":{"0":{"start":{"line":5,"column":2},"end":{"line":8,"column":3}},"1":{"start":{"line":6,"column":4},"end":{"line":6,"column":62}},"2":{"start":{"line":7,"column":4},"end":{"line":7,"column":20}},"3":{"start":{"line":11,"column":0},"end":{"line":11,"column":40}}},"fnMap":{"0":{"name":"checkJwtPrivateKey","decl":{"start":{"line":4,"column":9},"end":{"line":4,"column":27}},"loc":{"start":{"line":4,"column":30},"end":{"line":9,"column":1}},"line":4}},"branchMap":{"0":{"loc":{"start":{"line":5,"column":2},"end":{"line":8,"column":3}},"type":"if","locations":[{"start":{"line":5,"column":2},"end":{"line":8,"column":3}},{"start":{},"end":{}}],"line":5}},"s":{"0":7,"1":0,"2":0,"3":7},"f":{"0":7},"b":{"0":[0,7]},"_coverageSchema":"1a1c01bbd47fc00a2c39e90264f33305004495a9","hash":"93e069239ba04901e460247485ae251bc175a1f5"}
,"C:\\Mudik Training\\NodeJS\\movierental\\start\\db.js": {"path":"C:\\Mudik Training\\NodeJS\\movierental\\start\\db.js","statementMap":{"0":{"start":{"line":1,"column":17},"end":{"line":1,"column":36}},"1":{"start":{"line":2,"column":0},"end":{"line":2,"column":27}},"2":{"start":{"line":3,"column":15},"end":{"line":3,"column":32}},"3":{"start":{"line":7,"column":2},"end":{"line":7,"column":50}},"4":{"start":{"line":8,"column":2},"end":{"line":12,"column":4}},"5":{"start":{"line":16,"column":2},"end":{"line":16,"column":36}},"6":{"start":{"line":17,"column":2},"end":{"line":17,"column":46}},"7":{"start":{"line":20,"column":0},"end":{"line":20,"column":74}}},"fnMap":{"0":{"name":"establishDatabaseConnection","decl":{"start":{"line":4,"column":15},"end":{"line":4,"column":42}},"loc":{"start":{"line":4,"column":45},"end":{"line":13,"column":1}},"line":4},"1":{"name":"closeDatabaseConnection","decl":{"start":{"line":15,"column":15},"end":{"line":15,"column":38}},"loc":{"start":{"line":15,"column":41},"end":{"line":18,"column":1}},"line":15}},"branchMap":{},"s":{"0":7,"1":7,"2":7,"3":7,"4":7,"5":0,"6":0,"7":7},"f":{"0":7,"1":0},"b":{},"_coverageSchema":"1a1c01bbd47fc00a2c39e90264f33305004495a9","hash":"2f0956f3eea4724b71c7c4b0af055b04d0c806a5"}
,"C:\\Mudik Training\\NodeJS\\movierental\\start\\logging.js": {"path":"C:\\Mudik Training\\NodeJS\\movierental\\start\\logging.js","statementMap":{"0":{"start":{"line":1,"column":16},"end":{"line":1,"column":34}},"1":{"start":{"line":2,"column":0},"end":{"line":2,"column":27}},"2":{"start":{"line":4,"column":15},"end":{"line":4,"column":32}},"3":{"start":{"line":5,"column":0},"end":{"line":5,"column":16}},"4":{"start":{"line":8,"column":2},"end":{"line":17,"column":5}},"5":{"start":{"line":19,"column":2},"end":{"line":24,"column":5}},"6":{"start":{"line":20,"column":4},"end":{"line":20,"column":56}},"7":{"start":{"line":21,"column":4},"end":{"line":23,"column":13}},"8":{"start":{"line":22,"column":6},"end":{"line":22,"column":22}},"9":{"start":{"line":26,"column":2},"end":{"line":31,"column":5}},"10":{"start":{"line":27,"column":4},"end":{"line":27,"column":54}},"11":{"start":{"line":28,"column":4},"end":{"line":30,"column":13}},"12":{"start":{"line":29,"column":6},"end":{"line":29,"column":22}},"13":{"start":{"line":34,"column":0},"end":{"line":34,"column":33}}},"fnMap":{"0":{"name":"logTheError","decl":{"start":{"line":7,"column":9},"end":{"line":7,"column":20}},"loc":{"start":{"line":7,"column":23},"end":{"line":32,"column":1}},"line":7},"1":{"name":"(anonymous_1)","decl":{"start":{"line":19,"column":34},"end":{"line":19,"column":35}},"loc":{"start":{"line":19,"column":43},"end":{"line":24,"column":3}},"line":19},"2":{"name":"(anonymous_2)","decl":{"start":{"line":21,"column":15},"end":{"line":21,"column":16}},"loc":{"start":{"line":21,"column":21},"end":{"line":23,"column":5}},"line":21},"3":{"name":"(anonymous_3)","decl":{"start":{"line":26,"column":35},"end":{"line":26,"column":36}},"loc":{"start":{"line":26,"column":44},"end":{"line":31,"column":3}},"line":26},"4":{"name":"(anonymous_4)","decl":{"start":{"line":28,"column":15},"end":{"line":28,"column":16}},"loc":{"start":{"line":28,"column":21},"end":{"line":30,"column":5}},"line":28}},"branchMap":{},"s":{"0":7,"1":7,"2":7,"3":7,"4":7,"5":7,"6":0,"7":0,"8":0,"9":7,"10":0,"11":0,"12":0,"13":7},"f":{"0":7,"1":0,"2":0,"3":0,"4":0},"b":{},"_coverageSchema":"1a1c01bbd47fc00a2c39e90264f33305004495a9","hash":"56e4baac3e0c0e4ecc48ce853fce793cbcf39868"}
,"C:\\Mudik Training\\NodeJS\\movierental\\start\\port.js": {"path":"C:\\Mudik Training\\NodeJS\\movierental\\start\\port.js","statementMap":{"0":{"start":{"line":1,"column":0},"end":{"line":1,"column":27}},"1":{"start":{"line":4,"column":15},"end":{"line":4,"column":39}},"2":{"start":{"line":5,"column":2},"end":{"line":7,"column":5}},"3":{"start":{"line":6,"column":4},"end":{"line":6,"column":46}},"4":{"start":{"line":9,"column":0},"end":{"line":9,"column":29}}},"fnMap":{"0":{"name":"getPort","decl":{"start":{"line":3,"column":9},"end":{"line":3,"column":16}},"loc":{"start":{"line":3,"column":22},"end":{"line":8,"column":1}},"line":3},"1":{"name":"(anonymous_1)","decl":{"start":{"line":5,"column":19},"end":{"line":5,"column":20}},"loc":{"start":{"line":5,"column":25},"end":{"line":7,"column":3}},"line":5}},"branchMap":{"0":{"loc":{"start":{"line":4,"column":15},"end":{"line":4,"column":39}},"type":"binary-expr","locations":[{"start":{"line":4,"column":15},"end":{"line":4,"column":31}},{"start":{"line":4,"column":35},"end":{"line":4,"column":39}}],"line":4}},"s":{"0":7,"1":0,"2":0,"3":0,"4":7},"f":{"0":0,"1":0},"b":{"0":[0,0]},"_coverageSchema":"1a1c01bbd47fc00a2c39e90264f33305004495a9","hash":"af1e80f3e5c32868659da590d7b44e71a7db6d49"}
,"C:\\Mudik Training\\NodeJS\\movierental\\start\\routes.js": {"path":"C:\\Mudik Training\\NodeJS\\movierental\\start\\routes.js","statementMap":{"0":{"start":{"line":1,"column":20},"end":{"line":1,"column":46}},"1":{"start":{"line":2,"column":23},"end":{"line":2,"column":52}},"2":{"start":{"line":3,"column":20},"end":{"line":3,"column":47}},"3":{"start":{"line":4,"column":22},"end":{"line":4,"column":50}},"4":{"start":{"line":5,"column":20},"end":{"line":5,"column":46}},"5":{"start":{"line":6,"column":20},"end":{"line":6,"column":47}},"6":{"start":{"line":7,"column":28},"end":{"line":7,"column":58}},"7":{"start":{"line":10,"column":2},"end":{"line":10,"column":38}},"8":{"start":{"line":13,"column":2},"end":{"line":13,"column":44}},"9":{"start":{"line":16,"column":2},"end":{"line":16,"column":38}},"10":{"start":{"line":19,"column":2},"end":{"line":19,"column":41}},"11":{"start":{"line":22,"column":2},"end":{"line":22,"column":37}},"12":{"start":{"line":25,"column":2},"end":{"line":25,"column":37}},"13":{"start":{"line":28,"column":2},"end":{"line":28,"column":27}},"14":{"start":{"line":31,"column":0},"end":{"line":31,"column":34}}},"fnMap":{"0":{"name":"getAllRoutes","decl":{"start":{"line":9,"column":9},"end":{"line":9,"column":21}},"loc":{"start":{"line":9,"column":27},"end":{"line":29,"column":1}},"line":9}},"branchMap":{},"s":{"0":7,"1":7,"2":7,"3":7,"4":7,"5":7,"6":7,"7":7,"8":7,"9":7,"10":7,"11":7,"12":7,"13":7,"14":7},"f":{"0":7},"b":{},"_coverageSchema":"1a1c01bbd47fc00a2c39e90264f33305004495a9","hash":"1566d443f646aa000fd7f02501700fcce1149afc"}
}
