{"C:\\Mudik Training\\NodeJS\\movierental\\index.js": {"path":"C:\\Mudik Training\\NodeJS\\movierental\\index.js","statementMap":{"0":{"start":{"line":1,"column":16},"end":{"line":1,"column":34}},"1":{"start":{"line":2,"column":0},"end":{"line":2,"column":32}},"2":{"start":{"line":7,"column":4},"end":{"line":7,"column":25}},"3":{"start":{"line":8,"column":25},"end":{"line":8,"column":50}},"4":{"start":{"line":9,"column":20},"end":{"line":9,"column":43}},"5":{"start":{"line":10,"column":31},"end":{"line":10,"column":56}},"6":{"start":{"line":11,"column":24},"end":{"line":11,"column":50}},"7":{"start":{"line":14,"column":0},"end":{"line":14,"column":14}},"8":{"start":{"line":17,"column":0},"end":{"line":17,"column":21}},"9":{"start":{"line":19,"column":12},"end":{"line":19,"column":21}},"10":{"start":{"line":20,"column":0},"end":{"line":20,"column":24}},"11":{"start":{"line":23,"column":0},"end":{"line":23,"column":30}},"12":{"start":{"line":28,"column":0},"end":{"line":28,"column":18}},"13":{"start":{"line":31,"column":0},"end":{"line":31,"column":50}},"14":{"start":{"line":31,"column":37},"end":{"line":31,"column":50}},"15":{"start":{"line":33,"column":0},"end":{"line":33,"column":21}}},"fnMap":{},"branchMap":{"0":{"loc":{"start":{"line":31,"column":0},"end":{"line":31,"column":50}},"type":"if","locations":[{"start":{"line":31,"column":0},"end":{"line":31,"column":50}},{"start":{},"end":{}}],"line":31}},"s":{"0":5,"1":5,"2":5,"3":5,"4":5,"5":5,"6":5,"7":5,"8":5,"9":5,"10":5,"11":5,"12":5,"13":5,"14":0,"15":5},"f":{},"b":{"0":[0,5]},"_coverageSchema":"1a1c01bbd47fc00a2c39e90264f33305004495a9","hash":"9dc3bb7bf70a74120638eb11861adcc079673118"}
,"C:\\Mudik Training\\NodeJS\\movierental\\mySendMail.js": {"path":"C:\\Mudik Training\\NodeJS\\movierental\\mySendMail.js","statementMap":{"0":{"start":{"line":20,"column":2},"end":{"line":20,"column":121}},"1":{"start":{"line":22,"column":19},"end":{"line":22,"column":40}},"2":{"start":{"line":23,"column":0},"end":{"line":23,"column":27}},"3":{"start":{"line":24,"column":11},"end":{"line":24,"column":24}},"4":{"start":{"line":33,"column":20},"end":{"line":41,"column":4}},"5":{"start":{"line":43,"column":2},"end":{"line":49,"column":5}},"6":{"start":{"line":53,"column":0},"end":{"line":53,"column":26}}},"fnMap":{"0":{"name":"main","decl":{"start":{"line":27,"column":15},"end":{"line":27,"column":19}},"loc":{"start":{"line":27,"column":41},"end":{"line":50,"column":1}},"line":27}},"branchMap":{},"s":{"0":5,"1":5,"2":5,"3":5,"4":0,"5":0,"6":5},"f":{"0":0},"b":{},"_coverageSchema":"1a1c01bbd47fc00a2c39e90264f33305004495a9","hash":"cc1c339e1de74bcdb0ba37fa30e19d1fda59b7f4"}
,"C:\\Mudik Training\\NodeJS\\movierental\\middleware\\admin.js": {"path":"C:\\Mudik Training\\NodeJS\\movierental\\middleware\\admin.js","statementMap":{"0":{"start":{"line":1,"column":12},"end":{"line":1,"column":35}},"1":{"start":{"line":2,"column":15},"end":{"line":2,"column":32}},"2":{"start":{"line":4,"column":27},"end":{"line":8,"column":1}},"3":{"start":{"line":5,"column":18},"end":{"line":5,"column":34}},"4":{"start":{"line":6,"column":2},"end":{"line":6,"column":65}},"5":{"start":{"line":6,"column":16},"end":{"line":6,"column":65}},"6":{"start":{"line":7,"column":2},"end":{"line":7,"column":9}},"7":{"start":{"line":10,"column":0},"end":{"line":10,"column":40}}},"fnMap":{"0":{"name":"(anonymous_0)","decl":{"start":{"line":4,"column":27},"end":{"line":4,"column":28}},"loc":{"start":{"line":4,"column":47},"end":{"line":8,"column":1}},"line":4}},"branchMap":{"0":{"loc":{"start":{"line":6,"column":2},"end":{"line":6,"column":65}},"type":"if","locations":[{"start":{"line":6,"column":2},"end":{"line":6,"column":65}},{"start":{},"end":{}}],"line":6}},"s":{"0":5,"1":5,"2":5,"3":32,"4":32,"5":5,"6":27,"7":5},"f":{"0":32},"b":{"0":[5,27]},"_coverageSchema":"1a1c01bbd47fc00a2c39e90264f33305004495a9","hash":"8b01e96fafe0fa06fe3ff8b42c740850f8969709"}
,"C:\\Mudik Training\\NodeJS\\movierental\\middleware\\auth.js": {"path":"C:\\Mudik Training\\NodeJS\\movierental\\middleware\\auth.js","statementMap":{"0":{"start":{"line":1,"column":12},"end":{"line":1,"column":35}},"1":{"start":{"line":2,"column":15},"end":{"line":2,"column":32}},"2":{"start":{"line":4,"column":26},"end":{"line":15,"column":1}},"3":{"start":{"line":5,"column":16},"end":{"line":5,"column":42}},"4":{"start":{"line":6,"column":2},"end":{"line":6,"column":59}},"5":{"start":{"line":6,"column":14},"end":{"line":6,"column":59}},"6":{"start":{"line":7,"column":2},"end":{"line":14,"column":3}},"7":{"start":{"line":8,"column":20},"end":{"line":8,"column":66}},"8":{"start":{"line":9,"column":4},"end":{"line":9,"column":23}},"9":{"start":{"line":10,"column":4},"end":{"line":10,"column":11}},"10":{"start":{"line":12,"column":4},"end":{"line":12,"column":31}},"11":{"start":{"line":13,"column":4},"end":{"line":13,"column":58}},"12":{"start":{"line":17,"column":0},"end":{"line":17,"column":39}}},"fnMap":{"0":{"name":"(anonymous_0)","decl":{"start":{"line":4,"column":26},"end":{"line":4,"column":27}},"loc":{"start":{"line":4,"column":46},"end":{"line":15,"column":1}},"line":4}},"branchMap":{"0":{"loc":{"start":{"line":6,"column":2},"end":{"line":6,"column":59}},"type":"if","locations":[{"start":{"line":6,"column":2},"end":{"line":6,"column":59}},{"start":{},"end":{}}],"line":6}},"s":{"0":6,"1":6,"2":6,"3":77,"4":77,"5":11,"6":66,"7":66,"8":62,"9":62,"10":4,"11":4,"12":6},"f":{"0":77},"b":{"0":[11,66]},"_coverageSchema":"1a1c01bbd47fc00a2c39e90264f33305004495a9","hash":"0b8b6248ca863fe6aaf1f3c2b350a50e77935ba7"}
,"C:\\Mudik Training\\NodeJS\\movierental\\middleware\\error.js": {"path":"C:\\Mudik Training\\NodeJS\\movierental\\middleware\\error.js","statementMap":{"0":{"start":{"line":1,"column":16},"end":{"line":1,"column":34}},"1":{"start":{"line":2,"column":24},"end":{"line":6,"column":1}},"2":{"start":{"line":4,"column":2},"end":{"line":4,"column":38}},"3":{"start":{"line":5,"column":2},"end":{"line":5,"column":70}},"4":{"start":{"line":8,"column":0},"end":{"line":8,"column":37}}},"fnMap":{"0":{"name":"(anonymous_0)","decl":{"start":{"line":2,"column":24},"end":{"line":2,"column":25}},"loc":{"start":{"line":2,"column":51},"end":{"line":6,"column":1}},"line":2}},"branchMap":{},"s":{"0":5,"1":5,"2":0,"3":0,"4":5},"f":{"0":0},"b":{},"_coverageSchema":"1a1c01bbd47fc00a2c39e90264f33305004495a9","hash":"77eea296272c3556ab2e691da6d70eb8a67460f8"}
,"C:\\Mudik Training\\NodeJS\\movierental\\middleware\\validateObjectId.js": {"path":"C:\\Mudik Training\\NodeJS\\movierental\\middleware\\validateObjectId.js","statementMap":{"0":{"start":{"line":1,"column":17},"end":{"line":1,"column":36}},"1":{"start":{"line":3,"column":25},"end":{"line":7,"column":1}},"2":{"start":{"line":4,"column":18},"end":{"line":4,"column":64}},"3":{"start":{"line":5,"column":2},"end":{"line":5,"column":76}},"4":{"start":{"line":5,"column":16},"end":{"line":5,"column":76}},"5":{"start":{"line":6,"column":2},"end":{"line":6,"column":9}},"6":{"start":{"line":9,"column":0},"end":{"line":9,"column":38}}},"fnMap":{"0":{"name":"(anonymous_0)","decl":{"start":{"line":3,"column":25},"end":{"line":3,"column":26}},"loc":{"start":{"line":3,"column":45},"end":{"line":7,"column":1}},"line":3}},"branchMap":{"0":{"loc":{"start":{"line":5,"column":2},"end":{"line":5,"column":76}},"type":"if","locations":[{"start":{"line":5,"column":2},"end":{"line":5,"column":76}},{"start":{},"end":{}}],"line":5}},"s":{"0":5,"1":5,"2":44,"3":44,"4":10,"5":34,"6":5},"f":{"0":44},"b":{"0":[10,34]},"_coverageSchema":"1a1c01bbd47fc00a2c39e90264f33305004495a9","hash":"44ca56531a09f92f4d2f2c50641e5a44f31a6539"}
,"C:\\Mudik Training\\NodeJS\\movierental\\model\\customerModel.js": {"path":"C:\\Mudik Training\\NodeJS\\movierental\\model\\customerModel.js","statementMap":{"0":{"start":{"line":1,"column":17},"end":{"line":1,"column":36}},"1":{"start":{"line":2,"column":12},"end":{"line":2,"column":26}},"2":{"start":{"line":4,"column":23},"end":{"line":18,"column":2}},"3":{"start":{"line":20,"column":17},"end":{"line":20,"column":59}},"4":{"start":{"line":23,"column":15},"end":{"line":27,"column":4}},"5":{"start":{"line":29,"column":2},"end":{"line":29,"column":35}},"6":{"start":{"line":32,"column":0},"end":{"line":32,"column":64}}},"fnMap":{"0":{"name":"validateCustomer","decl":{"start":{"line":22,"column":9},"end":{"line":22,"column":25}},"loc":{"start":{"line":22,"column":36},"end":{"line":30,"column":1}},"line":22}},"branchMap":{},"s":{"0":5,"1":5,"2":5,"3":5,"4":11,"5":11,"6":5},"f":{"0":11},"b":{},"_coverageSchema":"1a1c01bbd47fc00a2c39e90264f33305004495a9","hash":"fe27cafa20975414afb1aaaa6c76e77b3c47307a"}
,"C:\\Mudik Training\\NodeJS\\movierental\\model\\genresModel.js": {"path":"C:\\Mudik Training\\NodeJS\\movierental\\model\\genresModel.js","statementMap":{"0":{"start":{"line":5,"column":12},"end":{"line":5,"column":26}},"1":{"start":{"line":7,"column":17},"end":{"line":7,"column":36}},"2":{"start":{"line":9,"column":20},"end":{"line":16,"column":2}},"3":{"start":{"line":17,"column":14},"end":{"line":17,"column":50}},"4":{"start":{"line":20,"column":17},"end":{"line":22,"column":4}},"5":{"start":{"line":24,"column":2},"end":{"line":24,"column":32}},"6":{"start":{"line":27,"column":0},"end":{"line":27,"column":55}}},"fnMap":{"0":{"name":"validateGenre","decl":{"start":{"line":19,"column":9},"end":{"line":19,"column":22}},"loc":{"start":{"line":19,"column":30},"end":{"line":25,"column":1}},"line":19}},"branchMap":{},"s":{"0":5,"1":5,"2":5,"3":5,"4":9,"5":9,"6":5},"f":{"0":9},"b":{},"_coverageSchema":"1a1c01bbd47fc00a2c39e90264f33305004495a9","hash":"4d4d4be4c8f4b834697b2394ef7f2758b59c36a1"}
,"C:\\Mudik Training\\NodeJS\\movierental\\model\\movieModel.js": {"path":"C:\\Mudik Training\\NodeJS\\movierental\\model\\movieModel.js","statementMap":{"0":{"start":{"line":1,"column":17},"end":{"line":1,"column":36}},"1":{"start":{"line":2,"column":12},"end":{"line":2,"column":26}},"2":{"start":{"line":3,"column":0},"end":{"line":3,"column":44}},"3":{"start":{"line":5,"column":24},"end":{"line":5,"column":55}},"4":{"start":{"line":7,"column":20},"end":{"line":31,"column":2}},"5":{"start":{"line":33,"column":14},"end":{"line":33,"column":50}},"6":{"start":{"line":36,"column":15},"end":{"line":42,"column":4}},"7":{"start":{"line":44,"column":2},"end":{"line":44,"column":35}},"8":{"start":{"line":47,"column":0},"end":{"line":47,"column":56}}},"fnMap":{"0":{"name":"validateMovies","decl":{"start":{"line":35,"column":9},"end":{"line":35,"column":23}},"loc":{"start":{"line":35,"column":34},"end":{"line":45,"column":1}},"line":35}},"branchMap":{},"s":{"0":5,"1":5,"2":5,"3":5,"4":5,"5":5,"6":19,"7":19,"8":5},"f":{"0":19},"b":{},"_coverageSchema":"1a1c01bbd47fc00a2c39e90264f33305004495a9","hash":"8a72354a7792e1a2db0d57762a2c7cac8bab0308"}
,"C:\\Mudik Training\\NodeJS\\movierental\\model\\rentalsModel.js": {"path":"C:\\Mudik Training\\NodeJS\\movierental\\model\\rentalsModel.js","statementMap":{"0":{"start":{"line":1,"column":17},"end":{"line":1,"column":36}},"1":{"start":{"line":3,"column":12},"end":{"line":3,"column":26}},"2":{"start":{"line":4,"column":0},"end":{"line":4,"column":44}},"3":{"start":{"line":6,"column":31},"end":{"line":6,"column":54}},"4":{"start":{"line":9,"column":22},"end":{"line":41,"column":2}},"5":{"start":{"line":43,"column":16},"end":{"line":43,"column":55}},"6":{"start":{"line":46,"column":17},"end":{"line":49,"column":4}},"7":{"start":{"line":51,"column":2},"end":{"line":51,"column":34}},"8":{"start":{"line":54,"column":0},"end":{"line":54,"column":61}}},"fnMap":{"0":{"name":"validateRentals","decl":{"start":{"line":45,"column":9},"end":{"line":45,"column":24}},"loc":{"start":{"line":45,"column":34},"end":{"line":52,"column":1}},"line":45}},"branchMap":{},"s":{"0":5,"1":5,"2":5,"3":5,"4":5,"5":5,"6":5,"7":5,"8":5},"f":{"0":5},"b":{},"_coverageSchema":"1a1c01bbd47fc00a2c39e90264f33305004495a9","hash":"8628705caf0f38227e732586568b657724016ca3"}
,"C:\\Mudik Training\\NodeJS\\movierental\\model\\usersModel.js": {"path":"C:\\Mudik Training\\NodeJS\\movierental\\model\\usersModel.js","statementMap":{"0":{"start":{"line":1,"column":12},"end":{"line":1,"column":26}},"1":{"start":{"line":2,"column":38},"end":{"line":2,"column":57}},"2":{"start":{"line":3,"column":12},"end":{"line":3,"column":35}},"3":{"start":{"line":4,"column":15},"end":{"line":4,"column":32}},"4":{"start":{"line":6,"column":20},"end":{"line":26,"column":2}},"5":{"start":{"line":28,"column":0},"end":{"line":33,"column":2}},"6":{"start":{"line":29,"column":2},"end":{"line":32,"column":4}},"7":{"start":{"line":35,"column":13},"end":{"line":35,"column":48}},"8":{"start":{"line":38,"column":17},"end":{"line":43,"column":4}},"9":{"start":{"line":45,"column":2},"end":{"line":45,"column":31}},"10":{"start":{"line":48,"column":0},"end":{"line":48,"column":53}}},"fnMap":{"0":{"name":"(anonymous_0)","decl":{"start":{"line":28,"column":35},"end":{"line":28,"column":36}},"loc":{"start":{"line":28,"column":47},"end":{"line":33,"column":1}},"line":28},"1":{"name":"validateUser","decl":{"start":{"line":37,"column":9},"end":{"line":37,"column":21}},"loc":{"start":{"line":37,"column":28},"end":{"line":46,"column":1}},"line":37}},"branchMap":{},"s":{"0":6,"1":6,"2":6,"3":6,"4":6,"5":6,"6":62,"7":6,"8":0,"9":0,"10":6},"f":{"0":62,"1":0},"b":{},"_coverageSchema":"1a1c01bbd47fc00a2c39e90264f33305004495a9","hash":"ef3d3c257c541c1e2da98a1d3095280d6aac9b8b"}
,"C:\\Mudik Training\\NodeJS\\movierental\\router\\customer.js": {"path":"C:\\Mudik Training\\NodeJS\\movierental\\router\\customer.js","statementMap":{"0":{"start":{"line":1,"column":16},"end":{"line":1,"column":34}},"1":{"start":{"line":2,"column":15},"end":{"line":2,"column":31}},"2":{"start":{"line":3,"column":39},"end":{"line":3,"column":72}},"3":{"start":{"line":4,"column":30},"end":{"line":4,"column":59}},"4":{"start":{"line":5,"column":31},"end":{"line":5,"column":61}},"5":{"start":{"line":6,"column":29},"end":{"line":6,"column":70}},"6":{"start":{"line":10,"column":0},"end":{"line":15,"column":3}},"7":{"start":{"line":11,"column":20},"end":{"line":11,"column":43}},"8":{"start":{"line":12,"column":2},"end":{"line":13,"column":65}},"9":{"start":{"line":13,"column":4},"end":{"line":13,"column":65}},"10":{"start":{"line":14,"column":2},"end":{"line":14,"column":34}},"11":{"start":{"line":19,"column":0},"end":{"line":23,"column":3}},"12":{"start":{"line":20,"column":19},"end":{"line":20,"column":57}},"13":{"start":{"line":21,"column":2},"end":{"line":21,"column":79}},"14":{"start":{"line":21,"column":17},"end":{"line":21,"column":79}},"15":{"start":{"line":22,"column":2},"end":{"line":22,"column":33}},"16":{"start":{"line":27,"column":0},"end":{"line":37,"column":3}},"17":{"start":{"line":28,"column":20},"end":{"line":28,"column":46}},"18":{"start":{"line":29,"column":2},"end":{"line":29,"column":67}},"19":{"start":{"line":29,"column":13},"end":{"line":29,"column":67}},"20":{"start":{"line":30,"column":19},"end":{"line":34,"column":4}},"21":{"start":{"line":35,"column":2},"end":{"line":35,"column":24}},"22":{"start":{"line":36,"column":2},"end":{"line":36,"column":33}},"23":{"start":{"line":41,"column":0},"end":{"line":66,"column":2}},"24":{"start":{"line":47,"column":22},"end":{"line":47,"column":48}},"25":{"start":{"line":48,"column":4},"end":{"line":48,"column":69}},"26":{"start":{"line":48,"column":15},"end":{"line":48,"column":69}},"27":{"start":{"line":49,"column":21},"end":{"line":59,"column":5}},"28":{"start":{"line":60,"column":4},"end":{"line":63,"column":63}},"29":{"start":{"line":61,"column":6},"end":{"line":63,"column":63}},"30":{"start":{"line":64,"column":4},"end":{"line":64,"column":35}},"31":{"start":{"line":70,"column":0},"end":{"line":81,"column":2}},"32":{"start":{"line":76,"column":21},"end":{"line":76,"column":77}},"33":{"start":{"line":77,"column":4},"end":{"line":78,"column":69}},"34":{"start":{"line":78,"column":6},"end":{"line":78,"column":69}},"35":{"start":{"line":79,"column":4},"end":{"line":79,"column":42}},"36":{"start":{"line":83,"column":0},"end":{"line":83,"column":24}}},"fnMap":{"0":{"name":"(anonymous_0)","decl":{"start":{"line":10,"column":16},"end":{"line":10,"column":17}},"loc":{"start":{"line":10,"column":42},"end":{"line":15,"column":1}},"line":10},"1":{"name":"(anonymous_1)","decl":{"start":{"line":19,"column":37},"end":{"line":19,"column":38}},"loc":{"start":{"line":19,"column":63},"end":{"line":23,"column":1}},"line":19},"2":{"name":"(anonymous_2)","decl":{"start":{"line":27,"column":36},"end":{"line":27,"column":37}},"loc":{"start":{"line":27,"column":62},"end":{"line":37,"column":1}},"line":27},"3":{"name":"(anonymous_3)","decl":{"start":{"line":46,"column":2},"end":{"line":46,"column":3}},"loc":{"start":{"line":46,"column":28},"end":{"line":65,"column":3}},"line":46},"4":{"name":"(anonymous_4)","decl":{"start":{"line":75,"column":2},"end":{"line":75,"column":3}},"loc":{"start":{"line":75,"column":28},"end":{"line":80,"column":3}},"line":75}},"branchMap":{"0":{"loc":{"start":{"line":12,"column":2},"end":{"line":13,"column":65}},"type":"if","locations":[{"start":{"line":12,"column":2},"end":{"line":13,"column":65}},{"start":{},"end":{}}],"line":12},"1":{"loc":{"start":{"line":12,"column":6},"end":{"line":12,"column":41}},"type":"binary-expr","locations":[{"start":{"line":12,"column":6},"end":{"line":12,"column":15}},{"start":{"line":12,"column":19},"end":{"line":12,"column":41}}],"line":12},"2":{"loc":{"start":{"line":21,"column":2},"end":{"line":21,"column":79}},"type":"if","locations":[{"start":{"line":21,"column":2},"end":{"line":21,"column":79}},{"start":{},"end":{}}],"line":21},"3":{"loc":{"start":{"line":29,"column":2},"end":{"line":29,"column":67}},"type":"if","locations":[{"start":{"line":29,"column":2},"end":{"line":29,"column":67}},{"start":{},"end":{}}],"line":29},"4":{"loc":{"start":{"line":48,"column":4},"end":{"line":48,"column":69}},"type":"if","locations":[{"start":{"line":48,"column":4},"end":{"line":48,"column":69}},{"start":{},"end":{}}],"line":48},"5":{"loc":{"start":{"line":60,"column":4},"end":{"line":63,"column":63}},"type":"if","locations":[{"start":{"line":60,"column":4},"end":{"line":63,"column":63}},{"start":{},"end":{}}],"line":60},"6":{"loc":{"start":{"line":77,"column":4},"end":{"line":78,"column":69}},"type":"if","locations":[{"start":{"line":77,"column":4},"end":{"line":78,"column":69}},{"start":{},"end":{}}],"line":77}},"s":{"0":5,"1":5,"2":5,"3":5,"4":5,"5":5,"6":5,"7":2,"8":2,"9":1,"10":1,"11":5,"12":2,"13":2,"14":1,"15":1,"16":5,"17":5,"18":5,"19":4,"20":1,"21":1,"22":1,"23":5,"24":6,"25":6,"26":4,"27":2,"28":2,"29":1,"30":1,"31":5,"32":2,"33":2,"34":1,"35":1,"36":5},"f":{"0":2,"1":2,"2":5,"3":6,"4":2},"b":{"0":[1,1],"1":[2,2],"2":[1,1],"3":[4,1],"4":[4,2],"5":[1,1],"6":[1,1]},"_coverageSchema":"1a1c01bbd47fc00a2c39e90264f33305004495a9","hash":"13d405cb292e4096dfb5c74eb4e4f8126f95f600"}
,"C:\\Mudik Training\\NodeJS\\movierental\\router\\genre.js": {"path":"C:\\Mudik Training\\NodeJS\\movierental\\router\\genre.js","statementMap":{"0":{"start":{"line":1,"column":16},"end":{"line":1,"column":34}},"1":{"start":{"line":2,"column":15},"end":{"line":2,"column":31}},"2":{"start":{"line":3,"column":33},"end":{"line":3,"column":64}},"3":{"start":{"line":4,"column":30},"end":{"line":4,"column":59}},"4":{"start":{"line":5,"column":31},"end":{"line":5,"column":61}},"5":{"start":{"line":6,"column":29},"end":{"line":6,"column":70}},"6":{"start":{"line":7,"column":16},"end":{"line":7,"column":53}},"7":{"start":{"line":12,"column":0},"end":{"line":17,"column":3}},"8":{"start":{"line":13,"column":17},"end":{"line":13,"column":37}},"9":{"start":{"line":14,"column":2},"end":{"line":15,"column":52}},"10":{"start":{"line":15,"column":4},"end":{"line":15,"column":52}},"11":{"start":{"line":16,"column":2},"end":{"line":16,"column":31}},"12":{"start":{"line":21,"column":0},"end":{"line":27,"column":3}},"13":{"start":{"line":22,"column":16},"end":{"line":22,"column":51}},"14":{"start":{"line":23,"column":2},"end":{"line":24,"column":74}},"15":{"start":{"line":24,"column":4},"end":{"line":24,"column":74}},"16":{"start":{"line":26,"column":2},"end":{"line":26,"column":30}},"17":{"start":{"line":30,"column":0},"end":{"line":47,"column":3}},"18":{"start":{"line":31,"column":20},"end":{"line":31,"column":43}},"19":{"start":{"line":32,"column":2},"end":{"line":32,"column":67}},"20":{"start":{"line":32,"column":13},"end":{"line":32,"column":67}},"21":{"start":{"line":34,"column":21},"end":{"line":34,"column":78}},"22":{"start":{"line":36,"column":14},"end":{"line":38,"column":4}},"23":{"start":{"line":39,"column":2},"end":{"line":39,"column":74}},"24":{"start":{"line":39,"column":13},"end":{"line":39,"column":74}},"25":{"start":{"line":41,"column":2},"end":{"line":43,"column":5}},"26":{"start":{"line":45,"column":2},"end":{"line":45,"column":21}},"27":{"start":{"line":46,"column":2},"end":{"line":46,"column":30}},"28":{"start":{"line":51,"column":0},"end":{"line":71,"column":2}},"29":{"start":{"line":57,"column":22},"end":{"line":57,"column":45}},"30":{"start":{"line":58,"column":4},"end":{"line":58,"column":69}},"31":{"start":{"line":58,"column":15},"end":{"line":58,"column":69}},"32":{"start":{"line":60,"column":18},"end":{"line":66,"column":5}},"33":{"start":{"line":67,"column":4},"end":{"line":68,"column":76}},"34":{"start":{"line":68,"column":6},"end":{"line":68,"column":76}},"35":{"start":{"line":69,"column":4},"end":{"line":69,"column":32}},"36":{"start":{"line":75,"column":0},"end":{"line":92,"column":2}},"37":{"start":{"line":81,"column":18},"end":{"line":81,"column":53}},"38":{"start":{"line":82,"column":4},"end":{"line":82,"column":80}},"39":{"start":{"line":82,"column":16},"end":{"line":82,"column":80}},"40":{"start":{"line":86,"column":4},"end":{"line":86,"column":50}},"41":{"start":{"line":87,"column":4},"end":{"line":87,"column":32}},"42":{"start":{"line":94,"column":0},"end":{"line":94,"column":24}}},"fnMap":{"0":{"name":"(anonymous_0)","decl":{"start":{"line":12,"column":16},"end":{"line":12,"column":17}},"loc":{"start":{"line":12,"column":36},"end":{"line":17,"column":1}},"line":12},"1":{"name":"(anonymous_1)","decl":{"start":{"line":21,"column":37},"end":{"line":21,"column":38}},"loc":{"start":{"line":21,"column":63},"end":{"line":27,"column":1}},"line":21},"2":{"name":"(anonymous_2)","decl":{"start":{"line":30,"column":36},"end":{"line":30,"column":37}},"loc":{"start":{"line":30,"column":62},"end":{"line":47,"column":1}},"line":30},"3":{"name":"(anonymous_3)","decl":{"start":{"line":56,"column":2},"end":{"line":56,"column":3}},"loc":{"start":{"line":56,"column":28},"end":{"line":70,"column":3}},"line":56},"4":{"name":"(anonymous_4)","decl":{"start":{"line":80,"column":2},"end":{"line":80,"column":3}},"loc":{"start":{"line":80,"column":28},"end":{"line":91,"column":3}},"line":80}},"branchMap":{"0":{"loc":{"start":{"line":14,"column":2},"end":{"line":15,"column":52}},"type":"if","locations":[{"start":{"line":14,"column":2},"end":{"line":15,"column":52}},{"start":{},"end":{}}],"line":14},"1":{"loc":{"start":{"line":14,"column":6},"end":{"line":14,"column":35}},"type":"binary-expr","locations":[{"start":{"line":14,"column":6},"end":{"line":14,"column":12}},{"start":{"line":14,"column":16},"end":{"line":14,"column":35}}],"line":14},"2":{"loc":{"start":{"line":23,"column":2},"end":{"line":24,"column":74}},"type":"if","locations":[{"start":{"line":23,"column":2},"end":{"line":24,"column":74}},{"start":{},"end":{}}],"line":23},"3":{"loc":{"start":{"line":32,"column":2},"end":{"line":32,"column":67}},"type":"if","locations":[{"start":{"line":32,"column":2},"end":{"line":32,"column":67}},{"start":{},"end":{}}],"line":32},"4":{"loc":{"start":{"line":39,"column":2},"end":{"line":39,"column":74}},"type":"if","locations":[{"start":{"line":39,"column":2},"end":{"line":39,"column":74}},{"start":{},"end":{}}],"line":39},"5":{"loc":{"start":{"line":58,"column":4},"end":{"line":58,"column":69}},"type":"if","locations":[{"start":{"line":58,"column":4},"end":{"line":58,"column":69}},{"start":{},"end":{}}],"line":58},"6":{"loc":{"start":{"line":67,"column":4},"end":{"line":68,"column":76}},"type":"if","locations":[{"start":{"line":67,"column":4},"end":{"line":68,"column":76}},{"start":{},"end":{}}],"line":67},"7":{"loc":{"start":{"line":82,"column":4},"end":{"line":82,"column":80}},"type":"if","locations":[{"start":{"line":82,"column":4},"end":{"line":82,"column":80}},{"start":{},"end":{}}],"line":82}},"s":{"0":5,"1":5,"2":5,"3":5,"4":5,"5":5,"6":5,"7":5,"8":2,"9":2,"10":1,"11":1,"12":5,"13":2,"14":2,"15":1,"16":1,"17":5,"18":5,"19":5,"20":2,"21":3,"22":3,"23":3,"24":1,"25":2,"26":2,"27":2,"28":5,"29":4,"30":4,"31":2,"32":2,"33":2,"34":1,"35":1,"36":5,"37":2,"38":2,"39":1,"40":1,"41":1,"42":5},"f":{"0":2,"1":2,"2":5,"3":4,"4":2},"b":{"0":[1,1],"1":[2,2],"2":[1,1],"3":[2,3],"4":[1,2],"5":[2,2],"6":[1,1],"7":[1,1]},"_coverageSchema":"1a1c01bbd47fc00a2c39e90264f33305004495a9","hash":"a88796be2017a5da2d0ad8a36943c1eef98bad46"}
,"C:\\Mudik Training\\NodeJS\\movierental\\router\\logins.js": {"path":"C:\\Mudik Training\\NodeJS\\movierental\\router\\logins.js","statementMap":{"0":{"start":{"line":1,"column":16},"end":{"line":1,"column":34}},"1":{"start":{"line":2,"column":15},"end":{"line":2,"column":31}},"2":{"start":{"line":3,"column":12},"end":{"line":3,"column":26}},"3":{"start":{"line":4,"column":15},"end":{"line":4,"column":32}},"4":{"start":{"line":5,"column":17},"end":{"line":5,"column":47}},"5":{"start":{"line":6,"column":19},"end":{"line":6,"column":43}},"6":{"start":{"line":8,"column":0},"end":{"line":20,"column":3}},"7":{"start":{"line":9,"column":20},"end":{"line":9,"column":38}},"8":{"start":{"line":10,"column":2},"end":{"line":10,"column":68}},"9":{"start":{"line":10,"column":13},"end":{"line":10,"column":68}},"10":{"start":{"line":12,"column":15},"end":{"line":12,"column":60}},"11":{"start":{"line":13,"column":2},"end":{"line":13,"column":70}},"12":{"start":{"line":13,"column":13},"end":{"line":13,"column":70}},"13":{"start":{"line":15,"column":18},"end":{"line":15,"column":72}},"14":{"start":{"line":16,"column":2},"end":{"line":16,"column":74}},"15":{"start":{"line":16,"column":16},"end":{"line":16,"column":74}},"16":{"start":{"line":18,"column":16},"end":{"line":18,"column":35}},"17":{"start":{"line":19,"column":2},"end":{"line":19,"column":30}},"18":{"start":{"line":23,"column":17},"end":{"line":26,"column":4}},"19":{"start":{"line":28,"column":2},"end":{"line":28,"column":31}},"20":{"start":{"line":30,"column":0},"end":{"line":30,"column":24}}},"fnMap":{"0":{"name":"(anonymous_0)","decl":{"start":{"line":8,"column":17},"end":{"line":8,"column":18}},"loc":{"start":{"line":8,"column":37},"end":{"line":20,"column":1}},"line":8},"1":{"name":"validate","decl":{"start":{"line":22,"column":9},"end":{"line":22,"column":17}},"loc":{"start":{"line":22,"column":24},"end":{"line":29,"column":1}},"line":22}},"branchMap":{"0":{"loc":{"start":{"line":10,"column":2},"end":{"line":10,"column":68}},"type":"if","locations":[{"start":{"line":10,"column":2},"end":{"line":10,"column":68}},{"start":{},"end":{}}],"line":10},"1":{"loc":{"start":{"line":13,"column":2},"end":{"line":13,"column":70}},"type":"if","locations":[{"start":{"line":13,"column":2},"end":{"line":13,"column":70}},{"start":{},"end":{}}],"line":13},"2":{"loc":{"start":{"line":16,"column":2},"end":{"line":16,"column":74}},"type":"if","locations":[{"start":{"line":16,"column":2},"end":{"line":16,"column":74}},{"start":{},"end":{}}],"line":16}},"s":{"0":5,"1":5,"2":5,"3":5,"4":5,"5":5,"6":5,"7":0,"8":0,"9":0,"10":0,"11":0,"12":0,"13":0,"14":0,"15":0,"16":0,"17":0,"18":0,"19":0,"20":5},"f":{"0":0,"1":0},"b":{"0":[0,0],"1":[0,0],"2":[0,0]},"_coverageSchema":"1a1c01bbd47fc00a2c39e90264f33305004495a9","hash":"c2a0c22a37891b2eaa5029c13a44cf78d4ae77c6"}
,"C:\\Mudik Training\\NodeJS\\movierental\\router\\movies.js": {"path":"C:\\Mudik Training\\NodeJS\\movierental\\router\\movies.js","statementMap":{"0":{"start":{"line":1,"column":16},"end":{"line":1,"column":34}},"1":{"start":{"line":2,"column":15},"end":{"line":2,"column":31}},"2":{"start":{"line":3,"column":18},"end":{"line":3,"column":49}},"3":{"start":{"line":4,"column":34},"end":{"line":4,"column":64}},"4":{"start":{"line":5,"column":30},"end":{"line":5,"column":59}},"5":{"start":{"line":6,"column":31},"end":{"line":6,"column":61}},"6":{"start":{"line":7,"column":29},"end":{"line":7,"column":70}},"7":{"start":{"line":13,"column":0},"end":{"line":18,"column":3}},"8":{"start":{"line":14,"column":17},"end":{"line":14,"column":37}},"9":{"start":{"line":15,"column":2},"end":{"line":16,"column":54}},"10":{"start":{"line":16,"column":4},"end":{"line":16,"column":54}},"11":{"start":{"line":17,"column":2},"end":{"line":17,"column":31}},"12":{"start":{"line":22,"column":0},"end":{"line":26,"column":3}},"13":{"start":{"line":23,"column":16},"end":{"line":23,"column":51}},"14":{"start":{"line":24,"column":2},"end":{"line":24,"column":80}},"15":{"start":{"line":24,"column":14},"end":{"line":24,"column":80}},"16":{"start":{"line":25,"column":2},"end":{"line":25,"column":30}},"17":{"start":{"line":30,"column":0},"end":{"line":49,"column":3}},"18":{"start":{"line":31,"column":20},"end":{"line":31,"column":44}},"19":{"start":{"line":32,"column":2},"end":{"line":32,"column":67}},"20":{"start":{"line":32,"column":13},"end":{"line":32,"column":67}},"21":{"start":{"line":34,"column":16},"end":{"line":34,"column":54}},"22":{"start":{"line":35,"column":2},"end":{"line":35,"column":77}},"23":{"start":{"line":35,"column":14},"end":{"line":35,"column":77}},"24":{"start":{"line":37,"column":16},"end":{"line":46,"column":4}},"25":{"start":{"line":47,"column":2},"end":{"line":47,"column":21}},"26":{"start":{"line":48,"column":2},"end":{"line":48,"column":30}},"27":{"start":{"line":53,"column":0},"end":{"line":85,"column":2}},"28":{"start":{"line":59,"column":4},"end":{"line":59,"column":28}},"29":{"start":{"line":60,"column":4},"end":{"line":60,"column":26}},"30":{"start":{"line":61,"column":22},"end":{"line":61,"column":46}},"31":{"start":{"line":62,"column":4},"end":{"line":62,"column":69}},"32":{"start":{"line":62,"column":15},"end":{"line":62,"column":69}},"33":{"start":{"line":64,"column":18},"end":{"line":64,"column":56}},"34":{"start":{"line":65,"column":4},"end":{"line":66,"column":74}},"35":{"start":{"line":66,"column":6},"end":{"line":66,"column":74}},"36":{"start":{"line":68,"column":18},"end":{"line":80,"column":5}},"37":{"start":{"line":81,"column":4},"end":{"line":82,"column":74}},"38":{"start":{"line":82,"column":6},"end":{"line":82,"column":74}},"39":{"start":{"line":83,"column":4},"end":{"line":83,"column":32}},"40":{"start":{"line":89,"column":0},"end":{"line":99,"column":2}},"41":{"start":{"line":95,"column":18},"end":{"line":95,"column":62}},"42":{"start":{"line":96,"column":4},"end":{"line":96,"column":74}},"43":{"start":{"line":96,"column":16},"end":{"line":96,"column":74}},"44":{"start":{"line":97,"column":4},"end":{"line":97,"column":39}},"45":{"start":{"line":102,"column":0},"end":{"line":102,"column":24}}},"fnMap":{"0":{"name":"(anonymous_0)","decl":{"start":{"line":13,"column":16},"end":{"line":13,"column":17}},"loc":{"start":{"line":13,"column":42},"end":{"line":18,"column":1}},"line":13},"1":{"name":"(anonymous_1)","decl":{"start":{"line":22,"column":37},"end":{"line":22,"column":38}},"loc":{"start":{"line":22,"column":63},"end":{"line":26,"column":1}},"line":22},"2":{"name":"(anonymous_2)","decl":{"start":{"line":30,"column":36},"end":{"line":30,"column":37}},"loc":{"start":{"line":30,"column":62},"end":{"line":49,"column":1}},"line":30},"3":{"name":"(anonymous_3)","decl":{"start":{"line":58,"column":2},"end":{"line":58,"column":3}},"loc":{"start":{"line":58,"column":28},"end":{"line":84,"column":3}},"line":58},"4":{"name":"(anonymous_4)","decl":{"start":{"line":94,"column":2},"end":{"line":94,"column":3}},"loc":{"start":{"line":94,"column":28},"end":{"line":98,"column":3}},"line":94}},"branchMap":{"0":{"loc":{"start":{"line":15,"column":2},"end":{"line":16,"column":54}},"type":"if","locations":[{"start":{"line":15,"column":2},"end":{"line":16,"column":54}},{"start":{},"end":{}}],"line":15},"1":{"loc":{"start":{"line":15,"column":6},"end":{"line":15,"column":35}},"type":"binary-expr","locations":[{"start":{"line":15,"column":6},"end":{"line":15,"column":12}},{"start":{"line":15,"column":16},"end":{"line":15,"column":35}}],"line":15},"2":{"loc":{"start":{"line":24,"column":2},"end":{"line":24,"column":80}},"type":"if","locations":[{"start":{"line":24,"column":2},"end":{"line":24,"column":80}},{"start":{},"end":{}}],"line":24},"3":{"loc":{"start":{"line":32,"column":2},"end":{"line":32,"column":67}},"type":"if","locations":[{"start":{"line":32,"column":2},"end":{"line":32,"column":67}},{"start":{},"end":{}}],"line":32},"4":{"loc":{"start":{"line":35,"column":2},"end":{"line":35,"column":77}},"type":"if","locations":[{"start":{"line":35,"column":2},"end":{"line":35,"column":77}},{"start":{},"end":{}}],"line":35},"5":{"loc":{"start":{"line":62,"column":4},"end":{"line":62,"column":69}},"type":"if","locations":[{"start":{"line":62,"column":4},"end":{"line":62,"column":69}},{"start":{},"end":{}}],"line":62},"6":{"loc":{"start":{"line":65,"column":4},"end":{"line":66,"column":74}},"type":"if","locations":[{"start":{"line":65,"column":4},"end":{"line":66,"column":74}},{"start":{},"end":{}}],"line":65},"7":{"loc":{"start":{"line":81,"column":4},"end":{"line":82,"column":74}},"type":"if","locations":[{"start":{"line":81,"column":4},"end":{"line":82,"column":74}},{"start":{},"end":{}}],"line":81},"8":{"loc":{"start":{"line":96,"column":4},"end":{"line":96,"column":74}},"type":"if","locations":[{"start":{"line":96,"column":4},"end":{"line":96,"column":74}},{"start":{},"end":{}}],"line":96}},"s":{"0":5,"1":5,"2":5,"3":5,"4":5,"5":5,"6":5,"7":5,"8":2,"9":2,"10":1,"11":1,"12":5,"13":2,"14":2,"15":1,"16":1,"17":5,"18":9,"19":9,"20":7,"21":2,"22":2,"23":1,"24":1,"25":1,"26":1,"27":5,"28":10,"29":10,"30":10,"31":10,"32":7,"33":3,"34":3,"35":1,"36":2,"37":2,"38":1,"39":1,"40":5,"41":2,"42":2,"43":1,"44":1,"45":5},"f":{"0":2,"1":2,"2":9,"3":10,"4":2},"b":{"0":[1,1],"1":[2,2],"2":[1,1],"3":[7,2],"4":[1,1],"5":[7,3],"6":[1,2],"7":[1,1],"8":[1,1]},"_coverageSchema":"1a1c01bbd47fc00a2c39e90264f33305004495a9","hash":"268e9dba76bad908f87ba6d9a24c6ba3d06fa55e"}
,"C:\\Mudik Training\\NodeJS\\movierental\\router\\rentals.js": {"path":"C:\\Mudik Training\\NodeJS\\movierental\\router\\rentals.js","statementMap":{"0":{"start":{"line":1,"column":16},"end":{"line":1,"column":34}},"1":{"start":{"line":2,"column":15},"end":{"line":2,"column":31}},"2":{"start":{"line":3,"column":18},"end":{"line":3,"column":48}},"3":{"start":{"line":4,"column":37},"end":{"line":4,"column":69}},"4":{"start":{"line":5,"column":21},"end":{"line":5,"column":54}},"5":{"start":{"line":6,"column":30},"end":{"line":6,"column":59}},"6":{"start":{"line":7,"column":31},"end":{"line":7,"column":61}},"7":{"start":{"line":8,"column":29},"end":{"line":8,"column":70}},"8":{"start":{"line":12,"column":0},"end":{"line":17,"column":3}},"9":{"start":{"line":13,"column":18},"end":{"line":13,"column":40}},"10":{"start":{"line":14,"column":2},"end":{"line":15,"column":64}},"11":{"start":{"line":15,"column":4},"end":{"line":15,"column":64}},"12":{"start":{"line":16,"column":2},"end":{"line":16,"column":32}},"13":{"start":{"line":20,"column":0},"end":{"line":25,"column":3}},"14":{"start":{"line":21,"column":17},"end":{"line":21,"column":54}},"15":{"start":{"line":22,"column":2},"end":{"line":23,"column":73}},"16":{"start":{"line":23,"column":4},"end":{"line":23,"column":73}},"17":{"start":{"line":24,"column":2},"end":{"line":24,"column":31}},"18":{"start":{"line":29,"column":0},"end":{"line":73,"column":3}},"19":{"start":{"line":30,"column":18},"end":{"line":30,"column":43}},"20":{"start":{"line":31,"column":2},"end":{"line":31,"column":67}},"21":{"start":{"line":31,"column":13},"end":{"line":31,"column":67}},"22":{"start":{"line":33,"column":19},"end":{"line":33,"column":63}},"23":{"start":{"line":34,"column":2},"end":{"line":35,"column":78}},"24":{"start":{"line":35,"column":4},"end":{"line":35,"column":78}},"25":{"start":{"line":37,"column":16},"end":{"line":37,"column":54}},"26":{"start":{"line":38,"column":2},"end":{"line":39,"column":75}},"27":{"start":{"line":39,"column":4},"end":{"line":39,"column":75}},"28":{"start":{"line":41,"column":2},"end":{"line":42,"column":58}},"29":{"start":{"line":42,"column":4},"end":{"line":42,"column":58}},"30":{"start":{"line":44,"column":17},"end":{"line":59,"column":4}},"31":{"start":{"line":60,"column":18},"end":{"line":60,"column":46}},"32":{"start":{"line":61,"column":2},"end":{"line":61,"column":29}},"33":{"start":{"line":62,"column":2},"end":{"line":69,"column":3}},"34":{"start":{"line":63,"column":4},"end":{"line":63,"column":24}},"35":{"start":{"line":64,"column":4},"end":{"line":64,"column":30}},"36":{"start":{"line":65,"column":4},"end":{"line":65,"column":23}},"37":{"start":{"line":67,"column":4},"end":{"line":67,"column":31}},"38":{"start":{"line":68,"column":4},"end":{"line":68,"column":32}},"39":{"start":{"line":70,"column":2},"end":{"line":70,"column":30}},"40":{"start":{"line":71,"column":2},"end":{"line":71,"column":23}},"41":{"start":{"line":72,"column":2},"end":{"line":72,"column":31}},"42":{"start":{"line":75,"column":0},"end":{"line":101,"column":2}},"43":{"start":{"line":81,"column":19},"end":{"line":81,"column":56}},"44":{"start":{"line":82,"column":4},"end":{"line":83,"column":78}},"45":{"start":{"line":83,"column":6},"end":{"line":83,"column":78}},"46":{"start":{"line":84,"column":18},"end":{"line":84,"column":56}},"47":{"start":{"line":85,"column":4},"end":{"line":86,"column":77}},"48":{"start":{"line":86,"column":6},"end":{"line":86,"column":77}},"49":{"start":{"line":87,"column":20},"end":{"line":87,"column":48}},"50":{"start":{"line":88,"column":4},"end":{"line":88,"column":31}},"51":{"start":{"line":89,"column":4},"end":{"line":96,"column":5}},"52":{"start":{"line":90,"column":6},"end":{"line":90,"column":38}},"53":{"start":{"line":91,"column":6},"end":{"line":91,"column":32}},"54":{"start":{"line":92,"column":6},"end":{"line":92,"column":25}},"55":{"start":{"line":94,"column":6},"end":{"line":94,"column":33}},"56":{"start":{"line":95,"column":6},"end":{"line":95,"column":34}},"57":{"start":{"line":97,"column":4},"end":{"line":97,"column":32}},"58":{"start":{"line":98,"column":4},"end":{"line":98,"column":25}},"59":{"start":{"line":99,"column":4},"end":{"line":99,"column":74}},"60":{"start":{"line":103,"column":0},"end":{"line":133,"column":2}},"61":{"start":{"line":109,"column":19},"end":{"line":109,"column":56}},"62":{"start":{"line":110,"column":4},"end":{"line":111,"column":72}},"63":{"start":{"line":111,"column":6},"end":{"line":111,"column":72}},"64":{"start":{"line":113,"column":18},"end":{"line":113,"column":56}},"65":{"start":{"line":114,"column":4},"end":{"line":115,"column":71}},"66":{"start":{"line":115,"column":6},"end":{"line":115,"column":71}},"67":{"start":{"line":117,"column":20},"end":{"line":117,"column":48}},"68":{"start":{"line":118,"column":4},"end":{"line":118,"column":31}},"69":{"start":{"line":119,"column":4},"end":{"line":128,"column":5}},"70":{"start":{"line":120,"column":6},"end":{"line":120,"column":60}},"71":{"start":{"line":121,"column":6},"end":{"line":121,"column":39}},"72":{"start":{"line":122,"column":6},"end":{"line":122,"column":26}},"73":{"start":{"line":123,"column":6},"end":{"line":123,"column":32}},"74":{"start":{"line":124,"column":6},"end":{"line":124,"column":25}},"75":{"start":{"line":126,"column":6},"end":{"line":126,"column":33}},"76":{"start":{"line":127,"column":6},"end":{"line":127,"column":34}},"77":{"start":{"line":129,"column":4},"end":{"line":129,"column":32}},"78":{"start":{"line":130,"column":4},"end":{"line":130,"column":25}},"79":{"start":{"line":131,"column":4},"end":{"line":131,"column":33}},"80":{"start":{"line":135,"column":0},"end":{"line":135,"column":24}}},"fnMap":{"0":{"name":"(anonymous_0)","decl":{"start":{"line":12,"column":16},"end":{"line":12,"column":17}},"loc":{"start":{"line":12,"column":42},"end":{"line":17,"column":1}},"line":12},"1":{"name":"(anonymous_1)","decl":{"start":{"line":20,"column":37},"end":{"line":20,"column":38}},"loc":{"start":{"line":20,"column":63},"end":{"line":25,"column":1}},"line":20},"2":{"name":"(anonymous_2)","decl":{"start":{"line":29,"column":36},"end":{"line":29,"column":37}},"loc":{"start":{"line":29,"column":62},"end":{"line":73,"column":1}},"line":29},"3":{"name":"(anonymous_3)","decl":{"start":{"line":80,"column":2},"end":{"line":80,"column":3}},"loc":{"start":{"line":80,"column":28},"end":{"line":100,"column":3}},"line":80},"4":{"name":"(anonymous_4)","decl":{"start":{"line":108,"column":2},"end":{"line":108,"column":3}},"loc":{"start":{"line":108,"column":28},"end":{"line":132,"column":3}},"line":108}},"branchMap":{"0":{"loc":{"start":{"line":14,"column":2},"end":{"line":15,"column":64}},"type":"if","locations":[{"start":{"line":14,"column":2},"end":{"line":15,"column":64}},{"start":{},"end":{}}],"line":14},"1":{"loc":{"start":{"line":14,"column":6},"end":{"line":14,"column":37}},"type":"binary-expr","locations":[{"start":{"line":14,"column":6},"end":{"line":14,"column":13}},{"start":{"line":14,"column":17},"end":{"line":14,"column":37}}],"line":14},"2":{"loc":{"start":{"line":22,"column":2},"end":{"line":23,"column":73}},"type":"if","locations":[{"start":{"line":22,"column":2},"end":{"line":23,"column":73}},{"start":{},"end":{}}],"line":22},"3":{"loc":{"start":{"line":31,"column":2},"end":{"line":31,"column":67}},"type":"if","locations":[{"start":{"line":31,"column":2},"end":{"line":31,"column":67}},{"start":{},"end":{}}],"line":31},"4":{"loc":{"start":{"line":34,"column":2},"end":{"line":35,"column":78}},"type":"if","locations":[{"start":{"line":34,"column":2},"end":{"line":35,"column":78}},{"start":{},"end":{}}],"line":34},"5":{"loc":{"start":{"line":38,"column":2},"end":{"line":39,"column":75}},"type":"if","locations":[{"start":{"line":38,"column":2},"end":{"line":39,"column":75}},{"start":{},"end":{}}],"line":38},"6":{"loc":{"start":{"line":41,"column":2},"end":{"line":42,"column":58}},"type":"if","locations":[{"start":{"line":41,"column":2},"end":{"line":42,"column":58}},{"start":{},"end":{}}],"line":41},"7":{"loc":{"start":{"line":82,"column":4},"end":{"line":83,"column":78}},"type":"if","locations":[{"start":{"line":82,"column":4},"end":{"line":83,"column":78}},{"start":{},"end":{}}],"line":82},"8":{"loc":{"start":{"line":85,"column":4},"end":{"line":86,"column":77}},"type":"if","locations":[{"start":{"line":85,"column":4},"end":{"line":86,"column":77}},{"start":{},"end":{}}],"line":85},"9":{"loc":{"start":{"line":110,"column":4},"end":{"line":111,"column":72}},"type":"if","locations":[{"start":{"line":110,"column":4},"end":{"line":111,"column":72}},{"start":{},"end":{}}],"line":110},"10":{"loc":{"start":{"line":114,"column":4},"end":{"line":115,"column":71}},"type":"if","locations":[{"start":{"line":114,"column":4},"end":{"line":115,"column":71}},{"start":{},"end":{}}],"line":114}},"s":{"0":5,"1":5,"2":5,"3":5,"4":5,"5":5,"6":5,"7":5,"8":5,"9":2,"10":2,"11":1,"12":1,"13":5,"14":2,"15":2,"16":1,"17":1,"18":5,"19":5,"20":5,"21":2,"22":3,"23":3,"24":1,"25":2,"26":2,"27":1,"28":1,"29":1,"30":0,"31":0,"32":0,"33":0,"34":0,"35":0,"36":0,"37":0,"38":0,"39":0,"40":0,"41":0,"42":5,"43":0,"44":0,"45":0,"46":0,"47":0,"48":0,"49":0,"50":0,"51":0,"52":0,"53":0,"54":0,"55":0,"56":0,"57":0,"58":0,"59":0,"60":5,"61":0,"62":0,"63":0,"64":0,"65":0,"66":0,"67":0,"68":0,"69":0,"70":0,"71":0,"72":0,"73":0,"74":0,"75":0,"76":0,"77":0,"78":0,"79":0,"80":5},"f":{"0":2,"1":2,"2":5,"3":0,"4":0},"b":{"0":[1,1],"1":[2,2],"2":[1,1],"3":[2,3],"4":[1,2],"5":[1,1],"6":[1,0],"7":[0,0],"8":[0,0],"9":[0,0],"10":[0,0]},"_coverageSchema":"1a1c01bbd47fc00a2c39e90264f33305004495a9","hash":"0e19f51039e49dff3e485b0f2cba10989b947a13"}
,"C:\\Mudik Training\\NodeJS\\movierental\\router\\users.js": {"path":"C:\\Mudik Training\\NodeJS\\movierental\\router\\users.js","statementMap":{"0":{"start":{"line":1,"column":16},"end":{"line":1,"column":34}},"1":{"start":{"line":2,"column":15},"end":{"line":2,"column":31}},"2":{"start":{"line":3,"column":31},"end":{"line":3,"column":61}},"3":{"start":{"line":4,"column":15},"end":{"line":4,"column":32}},"4":{"start":{"line":5,"column":15},"end":{"line":5,"column":32}},"5":{"start":{"line":6,"column":19},"end":{"line":6,"column":43}},"6":{"start":{"line":7,"column":29},"end":{"line":7,"column":70}},"7":{"start":{"line":8,"column":31},"end":{"line":8,"column":61}},"8":{"start":{"line":9,"column":30},"end":{"line":9,"column":59}},"9":{"start":{"line":13,"column":0},"end":{"line":17,"column":3}},"10":{"start":{"line":14,"column":16},"end":{"line":14,"column":33}},"11":{"start":{"line":15,"column":2},"end":{"line":15,"column":69}},"12":{"start":{"line":15,"column":14},"end":{"line":15,"column":69}},"13":{"start":{"line":16,"column":2},"end":{"line":16,"column":30}},"14":{"start":{"line":20,"column":0},"end":{"line":25,"column":3}},"15":{"start":{"line":21,"column":15},"end":{"line":21,"column":49}},"16":{"start":{"line":22,"column":2},"end":{"line":23,"column":73}},"17":{"start":{"line":23,"column":4},"end":{"line":23,"column":73}},"18":{"start":{"line":24,"column":2},"end":{"line":24,"column":79}},"19":{"start":{"line":27,"column":0},"end":{"line":46,"column":3}},"20":{"start":{"line":28,"column":20},"end":{"line":28,"column":42}},"21":{"start":{"line":29,"column":2},"end":{"line":29,"column":67}},"22":{"start":{"line":29,"column":13},"end":{"line":29,"column":67}},"23":{"start":{"line":31,"column":13},"end":{"line":31,"column":58}},"24":{"start":{"line":32,"column":2},"end":{"line":32,"column":70}},"25":{"start":{"line":32,"column":12},"end":{"line":32,"column":70}},"26":{"start":{"line":34,"column":2},"end":{"line":39,"column":5}},"27":{"start":{"line":40,"column":15},"end":{"line":40,"column":39}},"28":{"start":{"line":41,"column":2},"end":{"line":41,"column":61}},"29":{"start":{"line":43,"column":2},"end":{"line":43,"column":65}},"30":{"start":{"line":44,"column":2},"end":{"line":44,"column":20}},"31":{"start":{"line":45,"column":2},"end":{"line":45,"column":79}},"32":{"start":{"line":48,"column":0},"end":{"line":82,"column":2}},"33":{"start":{"line":54,"column":17},"end":{"line":54,"column":51}},"34":{"start":{"line":56,"column":4},"end":{"line":57,"column":74}},"35":{"start":{"line":57,"column":6},"end":{"line":57,"column":74}},"36":{"start":{"line":59,"column":22},"end":{"line":59,"column":44}},"37":{"start":{"line":60,"column":4},"end":{"line":60,"column":69}},"38":{"start":{"line":60,"column":15},"end":{"line":60,"column":69}},"39":{"start":{"line":62,"column":17},"end":{"line":62,"column":41}},"40":{"start":{"line":64,"column":19},"end":{"line":75,"column":5}},"41":{"start":{"line":76,"column":4},"end":{"line":76,"column":75}},"42":{"start":{"line":76,"column":17},"end":{"line":76,"column":75}},"43":{"start":{"line":78,"column":4},"end":{"line":80,"column":70}},"44":{"start":{"line":84,"column":0},"end":{"line":101,"column":2}},"45":{"start":{"line":90,"column":17},"end":{"line":90,"column":51}},"46":{"start":{"line":91,"column":4},"end":{"line":92,"column":74}},"47":{"start":{"line":92,"column":6},"end":{"line":92,"column":74}},"48":{"start":{"line":94,"column":19},"end":{"line":94,"column":45}},"49":{"start":{"line":95,"column":4},"end":{"line":95,"column":74}},"50":{"start":{"line":95,"column":17},"end":{"line":95,"column":74}},"51":{"start":{"line":96,"column":4},"end":{"line":96,"column":24}},"52":{"start":{"line":97,"column":4},"end":{"line":99,"column":68}},"53":{"start":{"line":103,"column":0},"end":{"line":103,"column":24}}},"fnMap":{"0":{"name":"(anonymous_0)","decl":{"start":{"line":13,"column":16},"end":{"line":13,"column":17}},"loc":{"start":{"line":13,"column":42},"end":{"line":17,"column":1}},"line":13},"1":{"name":"(anonymous_1)","decl":{"start":{"line":20,"column":37},"end":{"line":20,"column":38}},"loc":{"start":{"line":20,"column":63},"end":{"line":25,"column":1}},"line":20},"2":{"name":"(anonymous_2)","decl":{"start":{"line":27,"column":17},"end":{"line":27,"column":18}},"loc":{"start":{"line":27,"column":43},"end":{"line":46,"column":1}},"line":27},"3":{"name":"(anonymous_3)","decl":{"start":{"line":53,"column":2},"end":{"line":53,"column":3}},"loc":{"start":{"line":53,"column":28},"end":{"line":81,"column":3}},"line":53},"4":{"name":"(anonymous_4)","decl":{"start":{"line":89,"column":2},"end":{"line":89,"column":3}},"loc":{"start":{"line":89,"column":28},"end":{"line":100,"column":3}},"line":89}},"branchMap":{"0":{"loc":{"start":{"line":15,"column":2},"end":{"line":15,"column":69}},"type":"if","locations":[{"start":{"line":15,"column":2},"end":{"line":15,"column":69}},{"start":{},"end":{}}],"line":15},"1":{"loc":{"start":{"line":22,"column":2},"end":{"line":23,"column":73}},"type":"if","locations":[{"start":{"line":22,"column":2},"end":{"line":23,"column":73}},{"start":{},"end":{}}],"line":22},"2":{"loc":{"start":{"line":29,"column":2},"end":{"line":29,"column":67}},"type":"if","locations":[{"start":{"line":29,"column":2},"end":{"line":29,"column":67}},{"start":{},"end":{}}],"line":29},"3":{"loc":{"start":{"line":32,"column":2},"end":{"line":32,"column":70}},"type":"if","locations":[{"start":{"line":32,"column":2},"end":{"line":32,"column":70}},{"start":{},"end":{}}],"line":32},"4":{"loc":{"start":{"line":56,"column":4},"end":{"line":57,"column":74}},"type":"if","locations":[{"start":{"line":56,"column":4},"end":{"line":57,"column":74}},{"start":{},"end":{}}],"line":56},"5":{"loc":{"start":{"line":60,"column":4},"end":{"line":60,"column":69}},"type":"if","locations":[{"start":{"line":60,"column":4},"end":{"line":60,"column":69}},{"start":{},"end":{}}],"line":60},"6":{"loc":{"start":{"line":76,"column":4},"end":{"line":76,"column":75}},"type":"if","locations":[{"start":{"line":76,"column":4},"end":{"line":76,"column":75}},{"start":{},"end":{}}],"line":76},"7":{"loc":{"start":{"line":91,"column":4},"end":{"line":92,"column":74}},"type":"if","locations":[{"start":{"line":91,"column":4},"end":{"line":92,"column":74}},{"start":{},"end":{}}],"line":91},"8":{"loc":{"start":{"line":95,"column":4},"end":{"line":95,"column":74}},"type":"if","locations":[{"start":{"line":95,"column":4},"end":{"line":95,"column":74}},{"start":{},"end":{}}],"line":95}},"s":{"0":5,"1":5,"2":5,"3":5,"4":5,"5":5,"6":5,"7":5,"8":5,"9":5,"10":0,"11":0,"12":0,"13":0,"14":5,"15":0,"16":0,"17":0,"18":0,"19":5,"20":0,"21":0,"22":0,"23":0,"24":0,"25":0,"26":0,"27":0,"28":0,"29":0,"30":0,"31":0,"32":5,"33":0,"34":0,"35":0,"36":0,"37":0,"38":0,"39":0,"40":0,"41":0,"42":0,"43":0,"44":5,"45":0,"46":0,"47":0,"48":0,"49":0,"50":0,"51":0,"52":0,"53":5},"f":{"0":0,"1":0,"2":0,"3":0,"4":0},"b":{"0":[0,0],"1":[0,0],"2":[0,0],"3":[0,0],"4":[0,0],"5":[0,0],"6":[0,0],"7":[0,0],"8":[0,0]},"_coverageSchema":"1a1c01bbd47fc00a2c39e90264f33305004495a9","hash":"71da8b70d7742a596493ed6e9beb550cc7f42006"}
,"C:\\Mudik Training\\NodeJS\\movierental\\start\\config.js": {"path":"C:\\Mudik Training\\NodeJS\\movierental\\start\\config.js","statementMap":{"0":{"start":{"line":5,"column":2},"end":{"line":8,"column":3}},"1":{"start":{"line":6,"column":4},"end":{"line":6,"column":62}},"2":{"start":{"line":7,"column":4},"end":{"line":7,"column":20}},"3":{"start":{"line":11,"column":0},"end":{"line":11,"column":40}}},"fnMap":{"0":{"name":"checkJwtPrivateKey","decl":{"start":{"line":4,"column":9},"end":{"line":4,"column":27}},"loc":{"start":{"line":4,"column":30},"end":{"line":9,"column":1}},"line":4}},"branchMap":{"0":{"loc":{"start":{"line":5,"column":2},"end":{"line":8,"column":3}},"type":"if","locations":[{"start":{"line":5,"column":2},"end":{"line":8,"column":3}},{"start":{},"end":{}}],"line":5}},"s":{"0":5,"1":0,"2":0,"3":5},"f":{"0":5},"b":{"0":[0,5]},"_coverageSchema":"1a1c01bbd47fc00a2c39e90264f33305004495a9","hash":"93e069239ba04901e460247485ae251bc175a1f5"}
,"C:\\Mudik Training\\NodeJS\\movierental\\start\\db.js": {"path":"C:\\Mudik Training\\NodeJS\\movierental\\start\\db.js","statementMap":{"0":{"start":{"line":1,"column":17},"end":{"line":1,"column":36}},"1":{"start":{"line":2,"column":0},"end":{"line":2,"column":27}},"2":{"start":{"line":3,"column":15},"end":{"line":3,"column":32}},"3":{"start":{"line":7,"column":2},"end":{"line":7,"column":50}},"4":{"start":{"line":8,"column":2},"end":{"line":12,"column":4}},"5":{"start":{"line":16,"column":2},"end":{"line":16,"column":36}},"6":{"start":{"line":17,"column":2},"end":{"line":17,"column":46}},"7":{"start":{"line":20,"column":0},"end":{"line":20,"column":74}}},"fnMap":{"0":{"name":"establishDatabaseConnection","decl":{"start":{"line":4,"column":15},"end":{"line":4,"column":42}},"loc":{"start":{"line":4,"column":45},"end":{"line":13,"column":1}},"line":4},"1":{"name":"closeDatabaseConnection","decl":{"start":{"line":15,"column":15},"end":{"line":15,"column":38}},"loc":{"start":{"line":15,"column":41},"end":{"line":18,"column":1}},"line":15}},"branchMap":{},"s":{"0":5,"1":5,"2":5,"3":5,"4":5,"5":0,"6":0,"7":5},"f":{"0":5,"1":0},"b":{},"_coverageSchema":"1a1c01bbd47fc00a2c39e90264f33305004495a9","hash":"2f0956f3eea4724b71c7c4b0af055b04d0c806a5"}
,"C:\\Mudik Training\\NodeJS\\movierental\\start\\logging.js": {"path":"C:\\Mudik Training\\NodeJS\\movierental\\start\\logging.js","statementMap":{"0":{"start":{"line":1,"column":16},"end":{"line":1,"column":34}},"1":{"start":{"line":2,"column":0},"end":{"line":2,"column":27}},"2":{"start":{"line":4,"column":15},"end":{"line":4,"column":32}},"3":{"start":{"line":5,"column":0},"end":{"line":5,"column":16}},"4":{"start":{"line":8,"column":2},"end":{"line":17,"column":5}},"5":{"start":{"line":19,"column":2},"end":{"line":24,"column":5}},"6":{"start":{"line":20,"column":4},"end":{"line":20,"column":56}},"7":{"start":{"line":21,"column":4},"end":{"line":23,"column":13}},"8":{"start":{"line":22,"column":6},"end":{"line":22,"column":22}},"9":{"start":{"line":26,"column":2},"end":{"line":31,"column":5}},"10":{"start":{"line":27,"column":4},"end":{"line":27,"column":54}},"11":{"start":{"line":28,"column":4},"end":{"line":30,"column":13}},"12":{"start":{"line":29,"column":6},"end":{"line":29,"column":22}},"13":{"start":{"line":34,"column":0},"end":{"line":34,"column":33}}},"fnMap":{"0":{"name":"logTheError","decl":{"start":{"line":7,"column":9},"end":{"line":7,"column":20}},"loc":{"start":{"line":7,"column":23},"end":{"line":32,"column":1}},"line":7},"1":{"name":"(anonymous_1)","decl":{"start":{"line":19,"column":34},"end":{"line":19,"column":35}},"loc":{"start":{"line":19,"column":43},"end":{"line":24,"column":3}},"line":19},"2":{"name":"(anonymous_2)","decl":{"start":{"line":21,"column":15},"end":{"line":21,"column":16}},"loc":{"start":{"line":21,"column":21},"end":{"line":23,"column":5}},"line":21},"3":{"name":"(anonymous_3)","decl":{"start":{"line":26,"column":35},"end":{"line":26,"column":36}},"loc":{"start":{"line":26,"column":44},"end":{"line":31,"column":3}},"line":26},"4":{"name":"(anonymous_4)","decl":{"start":{"line":28,"column":15},"end":{"line":28,"column":16}},"loc":{"start":{"line":28,"column":21},"end":{"line":30,"column":5}},"line":28}},"branchMap":{},"s":{"0":5,"1":5,"2":5,"3":5,"4":5,"5":5,"6":0,"7":0,"8":0,"9":5,"10":0,"11":0,"12":0,"13":5},"f":{"0":5,"1":0,"2":0,"3":0,"4":0},"b":{},"_coverageSchema":"1a1c01bbd47fc00a2c39e90264f33305004495a9","hash":"56e4baac3e0c0e4ecc48ce853fce793cbcf39868"}
,"C:\\Mudik Training\\NodeJS\\movierental\\start\\port.js": {"path":"C:\\Mudik Training\\NodeJS\\movierental\\start\\port.js","statementMap":{"0":{"start":{"line":1,"column":0},"end":{"line":1,"column":27}},"1":{"start":{"line":4,"column":15},"end":{"line":4,"column":39}},"2":{"start":{"line":5,"column":2},"end":{"line":7,"column":5}},"3":{"start":{"line":6,"column":4},"end":{"line":6,"column":46}},"4":{"start":{"line":9,"column":0},"end":{"line":9,"column":29}}},"fnMap":{"0":{"name":"getPort","decl":{"start":{"line":3,"column":9},"end":{"line":3,"column":16}},"loc":{"start":{"line":3,"column":22},"end":{"line":8,"column":1}},"line":3},"1":{"name":"(anonymous_1)","decl":{"start":{"line":5,"column":19},"end":{"line":5,"column":20}},"loc":{"start":{"line":5,"column":25},"end":{"line":7,"column":3}},"line":5}},"branchMap":{"0":{"loc":{"start":{"line":4,"column":15},"end":{"line":4,"column":39}},"type":"binary-expr","locations":[{"start":{"line":4,"column":15},"end":{"line":4,"column":31}},{"start":{"line":4,"column":35},"end":{"line":4,"column":39}}],"line":4}},"s":{"0":5,"1":0,"2":0,"3":0,"4":5},"f":{"0":0,"1":0},"b":{"0":[0,0]},"_coverageSchema":"1a1c01bbd47fc00a2c39e90264f33305004495a9","hash":"af1e80f3e5c32868659da590d7b44e71a7db6d49"}
,"C:\\Mudik Training\\NodeJS\\movierental\\start\\routes.js": {"path":"C:\\Mudik Training\\NodeJS\\movierental\\start\\routes.js","statementMap":{"0":{"start":{"line":1,"column":20},"end":{"line":1,"column":46}},"1":{"start":{"line":2,"column":23},"end":{"line":2,"column":52}},"2":{"start":{"line":3,"column":20},"end":{"line":3,"column":47}},"3":{"start":{"line":4,"column":22},"end":{"line":4,"column":50}},"4":{"start":{"line":5,"column":20},"end":{"line":5,"column":46}},"5":{"start":{"line":6,"column":20},"end":{"line":6,"column":47}},"6":{"start":{"line":7,"column":28},"end":{"line":7,"column":58}},"7":{"start":{"line":10,"column":2},"end":{"line":10,"column":38}},"8":{"start":{"line":13,"column":2},"end":{"line":13,"column":44}},"9":{"start":{"line":16,"column":2},"end":{"line":16,"column":38}},"10":{"start":{"line":19,"column":2},"end":{"line":19,"column":41}},"11":{"start":{"line":22,"column":2},"end":{"line":22,"column":37}},"12":{"start":{"line":25,"column":2},"end":{"line":25,"column":37}},"13":{"start":{"line":28,"column":2},"end":{"line":28,"column":27}},"14":{"start":{"line":31,"column":0},"end":{"line":31,"column":34}}},"fnMap":{"0":{"name":"getAllRoutes","decl":{"start":{"line":9,"column":9},"end":{"line":9,"column":21}},"loc":{"start":{"line":9,"column":27},"end":{"line":29,"column":1}},"line":9}},"branchMap":{},"s":{"0":5,"1":5,"2":5,"3":5,"4":5,"5":5,"6":5,"7":5,"8":5,"9":5,"10":5,"11":5,"12":5,"13":5,"14":5},"f":{"0":5},"b":{},"_coverageSchema":"1a1c01bbd47fc00a2c39e90264f33305004495a9","hash":"1566d443f646aa000fd7f02501700fcce1149afc"}
}
