TN:
SF:index.js
FNF:0
FNH:0
DA:1,5
DA:2,5
DA:7,5
DA:8,5
DA:9,5
DA:10,5
DA:11,5
DA:14,5
DA:17,5
DA:19,5
DA:20,5
DA:23,5
DA:28,5
DA:31,5
DA:33,5
LF:15
LH:15
BRDA:31,0,0,0
BRDA:31,0,1,5
BRF:2
BRH:1
end_of_record
TN:
SF:mySendMail.js
FN:27,main
FNF:1
FNH:0
FNDA:0,main
DA:20,5
DA:22,5
DA:23,5
DA:24,5
DA:33,0
DA:43,0
DA:53,5
LF:7
LH:5
BRF:0
BRH:0
end_of_record
TN:
SF:middleware\admin.js
FN:4,(anonymous_0)
FNF:1
FNH:1
FNDA:32,(anonymous_0)
DA:1,5
DA:2,5
DA:4,5
DA:5,32
DA:6,32
DA:7,27
DA:10,5
LF:7
LH:7
BRDA:6,0,0,5
BRDA:6,0,1,27
BRF:2
BRH:2
end_of_record
TN:
SF:middleware\auth.js
FN:4,(anonymous_0)
FNF:1
FNH:1
FNDA:77,(anonymous_0)
DA:1,6
DA:2,6
DA:4,6
DA:5,77
DA:6,77
DA:7,66
DA:8,66
DA:9,62
DA:10,62
DA:12,4
DA:13,4
DA:17,6
LF:12
LH:12
BRDA:6,0,0,11
BRDA:6,0,1,66
BRF:2
BRH:2
end_of_record
TN:
SF:middleware\error.js
FN:2,(anonymous_0)
FNF:1
FNH:0
FNDA:0,(anonymous_0)
DA:1,5
DA:2,5
DA:4,0
DA:5,0
DA:8,5
LF:5
LH:3
BRF:0
BRH:0
end_of_record
TN:
SF:middleware\validateObjectId.js
FN:3,(anonymous_0)
FNF:1
FNH:1
FNDA:44,(anonymous_0)
DA:1,5
DA:3,5
DA:4,44
DA:5,44
DA:6,34
DA:9,5
LF:6
LH:6
BRDA:5,0,0,10
BRDA:5,0,1,34
BRF:2
BRH:2
end_of_record
TN:
SF:model\customerModel.js
FN:22,validateCustomer
FNF:1
FNH:1
FNDA:11,validateCustomer
DA:1,5
DA:2,5
DA:4,5
DA:20,5
DA:23,11
DA:29,11
DA:32,5
LF:7
LH:7
BRF:0
BRH:0
end_of_record
TN:
SF:model\genresModel.js
FN:19,validateGenre
FNF:1
FNH:1
FNDA:9,validateGenre
DA:5,5
DA:7,5
DA:9,5
DA:17,5
DA:20,9
DA:24,9
DA:27,5
LF:7
LH:7
BRF:0
BRH:0
end_of_record
TN:
SF:model\movieModel.js
FN:35,validateMovies
FNF:1
FNH:1
FNDA:19,validateMovies
DA:1,5
DA:2,5
DA:3,5
DA:5,5
DA:7,5
DA:33,5
DA:36,19
DA:44,19
DA:47,5
LF:9
LH:9
BRF:0
BRH:0
end_of_record
TN:
SF:model\rentalsModel.js
FN:45,validateRentals
FNF:1
FNH:1
FNDA:5,validateRentals
DA:1,5
DA:3,5
DA:4,5
DA:6,5
DA:9,5
DA:43,5
DA:46,5
DA:51,5
DA:54,5
LF:9
LH:9
BRF:0
BRH:0
end_of_record
TN:
SF:model\usersModel.js
FN:28,(anonymous_0)
FN:37,validateUser
FNF:2
FNH:1
FNDA:62,(anonymous_0)
FNDA:0,validateUser
DA:1,6
DA:2,6
DA:3,6
DA:4,6
DA:6,6
DA:28,6
DA:29,62
DA:35,6
DA:38,0
DA:45,0
DA:48,6
LF:11
LH:9
BRF:0
BRH:0
end_of_record
TN:
SF:router\customer.js
FN:10,(anonymous_0)
FN:19,(anonymous_1)
FN:27,(anonymous_2)
FN:46,(anonymous_3)
FN:75,(anonymous_4)
FNF:5
FNH:5
FNDA:2,(anonymous_0)
FNDA:2,(anonymous_1)
FNDA:5,(anonymous_2)
FNDA:6,(anonymous_3)
FNDA:2,(anonymous_4)
DA:1,5
DA:2,5
DA:3,5
DA:4,5
DA:5,5
DA:6,5
DA:10,5
DA:11,2
DA:12,2
DA:13,1
DA:14,1
DA:19,5
DA:20,2
DA:21,2
DA:22,1
DA:27,5
DA:28,5
DA:29,5
DA:30,1
DA:35,1
DA:36,1
DA:41,5
DA:47,6
DA:48,6
DA:49,2
DA:60,2
DA:61,1
DA:64,1
DA:70,5
DA:76,2
DA:77,2
DA:78,1
DA:79,1
DA:83,5
LF:34
LH:34
BRDA:12,0,0,1
BRDA:12,0,1,1
BRDA:12,1,0,2
BRDA:12,1,1,2
BRDA:21,2,0,1
BRDA:21,2,1,1
BRDA:29,3,0,4
BRDA:29,3,1,1
BRDA:48,4,0,4
BRDA:48,4,1,2
BRDA:60,5,0,1
BRDA:60,5,1,1
BRDA:77,6,0,1
BRDA:77,6,1,1
BRF:14
BRH:14
end_of_record
TN:
SF:router\genre.js
FN:12,(anonymous_0)
FN:21,(anonymous_1)
FN:30,(anonymous_2)
FN:56,(anonymous_3)
FN:80,(anonymous_4)
FNF:5
FNH:5
FNDA:2,(anonymous_0)
FNDA:2,(anonymous_1)
FNDA:5,(anonymous_2)
FNDA:4,(anonymous_3)
FNDA:2,(anonymous_4)
DA:1,5
DA:2,5
DA:3,5
DA:4,5
DA:5,5
DA:6,5
DA:7,5
DA:12,5
DA:13,2
DA:14,2
DA:15,1
DA:16,1
DA:21,5
DA:22,2
DA:23,2
DA:24,1
DA:26,1
DA:30,5
DA:31,5
DA:32,5
DA:34,3
DA:36,3
DA:39,3
DA:41,2
DA:45,2
DA:46,2
DA:51,5
DA:57,4
DA:58,4
DA:60,2
DA:67,2
DA:68,1
DA:69,1
DA:75,5
DA:81,2
DA:82,2
DA:86,1
DA:87,1
DA:94,5
LF:39
LH:39
BRDA:14,0,0,1
BRDA:14,0,1,1
BRDA:14,1,0,2
BRDA:14,1,1,2
BRDA:23,2,0,1
BRDA:23,2,1,1
BRDA:32,3,0,2
BRDA:32,3,1,3
BRDA:39,4,0,1
BRDA:39,4,1,2
BRDA:58,5,0,2
BRDA:58,5,1,2
BRDA:67,6,0,1
BRDA:67,6,1,1
BRDA:82,7,0,1
BRDA:82,7,1,1
BRF:16
BRH:16
end_of_record
TN:
SF:router\logins.js
FN:8,(anonymous_0)
FN:22,validate
FNF:2
FNH:0
FNDA:0,(anonymous_0)
FNDA:0,validate
DA:1,5
DA:2,5
DA:3,5
DA:4,5
DA:5,5
DA:6,5
DA:8,5
DA:9,0
DA:10,0
DA:12,0
DA:13,0
DA:15,0
DA:16,0
DA:18,0
DA:19,0
DA:23,0
DA:28,0
DA:30,5
LF:18
LH:8
BRDA:10,0,0,0
BRDA:10,0,1,0
BRDA:13,1,0,0
BRDA:13,1,1,0
BRDA:16,2,0,0
BRDA:16,2,1,0
BRF:6
BRH:0
end_of_record
TN:
SF:router\movies.js
FN:13,(anonymous_0)
FN:22,(anonymous_1)
FN:30,(anonymous_2)
FN:58,(anonymous_3)
FN:94,(anonymous_4)
FNF:5
FNH:5
FNDA:2,(anonymous_0)
FNDA:2,(anonymous_1)
FNDA:9,(anonymous_2)
FNDA:10,(anonymous_3)
FNDA:2,(anonymous_4)
DA:1,5
DA:2,5
DA:3,5
DA:4,5
DA:5,5
DA:6,5
DA:7,5
DA:13,5
DA:14,2
DA:15,2
DA:16,1
DA:17,1
DA:22,5
DA:23,2
DA:24,2
DA:25,1
DA:30,5
DA:31,9
DA:32,9
DA:34,2
DA:35,2
DA:37,1
DA:47,1
DA:48,1
DA:53,5
DA:59,10
DA:60,10
DA:61,10
DA:62,10
DA:64,3
DA:65,3
DA:66,1
DA:68,2
DA:81,2
DA:82,1
DA:83,1
DA:89,5
DA:95,2
DA:96,2
DA:97,1
DA:102,5
LF:41
LH:41
BRDA:15,0,0,1
BRDA:15,0,1,1
BRDA:15,1,0,2
BRDA:15,1,1,2
BRDA:24,2,0,1
BRDA:24,2,1,1
BRDA:32,3,0,7
BRDA:32,3,1,2
BRDA:35,4,0,1
BRDA:35,4,1,1
BRDA:62,5,0,7
BRDA:62,5,1,3
BRDA:65,6,0,1
BRDA:65,6,1,2
BRDA:81,7,0,1
BRDA:81,7,1,1
BRDA:96,8,0,1
BRDA:96,8,1,1
BRF:18
BRH:18
end_of_record
TN:
SF:router\rentals.js
FN:12,(anonymous_0)
FN:20,(anonymous_1)
FN:29,(anonymous_2)
FN:80,(anonymous_3)
FN:108,(anonymous_4)
FNF:5
FNH:3
FNDA:2,(anonymous_0)
FNDA:2,(anonymous_1)
FNDA:5,(anonymous_2)
FNDA:0,(anonymous_3)
FNDA:0,(anonymous_4)
DA:1,5
DA:2,5
DA:3,5
DA:4,5
DA:5,5
DA:6,5
DA:7,5
DA:8,5
DA:12,5
DA:13,2
DA:14,2
DA:15,1
DA:16,1
DA:20,5
DA:21,2
DA:22,2
DA:23,1
DA:24,1
DA:29,5
DA:30,5
DA:31,5
DA:33,3
DA:34,3
DA:35,1
DA:37,2
DA:38,2
DA:39,1
DA:41,1
DA:42,1
DA:44,0
DA:60,0
DA:61,0
DA:62,0
DA:63,0
DA:64,0
DA:65,0
DA:67,0
DA:68,0
DA:70,0
DA:71,0
DA:72,0
DA:75,5
DA:81,0
DA:82,0
DA:83,0
DA:84,0
DA:85,0
DA:86,0
DA:87,0
DA:88,0
DA:89,0
DA:90,0
DA:91,0
DA:92,0
DA:94,0
DA:95,0
DA:97,0
DA:98,0
DA:99,0
DA:103,5
DA:109,0
DA:110,0
DA:111,0
DA:113,0
DA:114,0
DA:115,0
DA:117,0
DA:118,0
DA:119,0
DA:120,0
DA:121,0
DA:122,0
DA:123,0
DA:124,0
DA:126,0
DA:127,0
DA:129,0
DA:130,0
DA:131,0
DA:135,5
LF:80
LH:32
BRDA:14,0,0,1
BRDA:14,0,1,1
BRDA:14,1,0,2
BRDA:14,1,1,2
BRDA:22,2,0,1
BRDA:22,2,1,1
BRDA:31,3,0,2
BRDA:31,3,1,3
BRDA:34,4,0,1
BRDA:34,4,1,2
BRDA:38,5,0,1
BRDA:38,5,1,1
BRDA:41,6,0,1
BRDA:41,6,1,0
BRDA:82,7,0,0
BRDA:82,7,1,0
BRDA:85,8,0,0
BRDA:85,8,1,0
BRDA:110,9,0,0
BRDA:110,9,1,0
BRDA:114,10,0,0
BRDA:114,10,1,0
BRF:22
BRH:13
end_of_record
TN:
SF:router\users.js
FN:13,(anonymous_0)
FN:20,(anonymous_1)
FN:27,(anonymous_2)
FN:53,(anonymous_3)
FN:89,(anonymous_4)
FNF:5
FNH:0
FNDA:0,(anonymous_0)
FNDA:0,(anonymous_1)
FNDA:0,(anonymous_2)
FNDA:0,(anonymous_3)
FNDA:0,(anonymous_4)
DA:1,5
DA:2,5
DA:3,5
DA:4,5
DA:5,5
DA:6,5
DA:7,5
DA:8,5
DA:9,5
DA:13,5
DA:14,0
DA:15,0
DA:16,0
DA:20,5
DA:21,0
DA:22,0
DA:23,0
DA:24,0
DA:27,5
DA:28,0
DA:29,0
DA:31,0
DA:32,0
DA:34,0
DA:40,0
DA:41,0
DA:43,0
DA:44,0
DA:45,0
DA:48,5
DA:54,0
DA:56,0
DA:57,0
DA:59,0
DA:60,0
DA:62,0
DA:64,0
DA:76,0
DA:78,0
DA:84,5
DA:90,0
DA:91,0
DA:92,0
DA:94,0
DA:95,0
DA:96,0
DA:97,0
DA:103,5
LF:48
LH:15
BRDA:15,0,0,0
BRDA:15,0,1,0
BRDA:22,1,0,0
BRDA:22,1,1,0
BRDA:29,2,0,0
BRDA:29,2,1,0
BRDA:32,3,0,0
BRDA:32,3,1,0
BRDA:56,4,0,0
BRDA:56,4,1,0
BRDA:60,5,0,0
BRDA:60,5,1,0
BRDA:76,6,0,0
BRDA:76,6,1,0
BRDA:91,7,0,0
BRDA:91,7,1,0
BRDA:95,8,0,0
BRDA:95,8,1,0
BRF:18
BRH:0
end_of_record
TN:
SF:start\config.js
FN:4,checkJwtPrivateKey
FNF:1
FNH:1
FNDA:5,checkJwtPrivateKey
DA:5,5
DA:6,0
DA:7,0
DA:11,5
LF:4
LH:2
BRDA:5,0,0,0
BRDA:5,0,1,5
BRF:2
BRH:1
end_of_record
TN:
SF:start\db.js
FN:4,establishDatabaseConnection
FN:15,closeDatabaseConnection
FNF:2
FNH:1
FNDA:5,establishDatabaseConnection
FNDA:0,closeDatabaseConnection
DA:1,5
DA:2,5
DA:3,5
DA:7,5
DA:8,5
DA:16,0
DA:17,0
DA:20,5
LF:8
LH:6
BRF:0
BRH:0
end_of_record
TN:
SF:start\logging.js
FN:7,logTheError
FN:19,(anonymous_1)
FN:21,(anonymous_2)
FN:26,(anonymous_3)
FN:28,(anonymous_4)
FNF:5
FNH:1
FNDA:5,logTheError
FNDA:0,(anonymous_1)
FNDA:0,(anonymous_2)
FNDA:0,(anonymous_3)
FNDA:0,(anonymous_4)
DA:1,5
DA:2,5
DA:4,5
DA:5,5
DA:8,5
DA:19,5
DA:20,0
DA:21,0
DA:22,0
DA:26,5
DA:27,0
DA:28,0
DA:29,0
DA:34,5
LF:14
LH:8
BRF:0
BRH:0
end_of_record
TN:
SF:start\port.js
FN:3,getPort
FN:5,(anonymous_1)
FNF:2
FNH:0
FNDA:0,getPort
FNDA:0,(anonymous_1)
DA:1,5
DA:4,0
DA:5,0
DA:6,0
DA:9,5
LF:5
LH:2
BRDA:4,0,0,0
BRDA:4,0,1,0
BRF:2
BRH:0
end_of_record
TN:
SF:start\routes.js
FN:9,getAllRoutes
FNF:1
FNH:1
FNDA:5,getAllRoutes
DA:1,5
DA:2,5
DA:3,5
DA:4,5
DA:5,5
DA:6,5
DA:7,5
DA:10,5
DA:13,5
DA:16,5
DA:19,5
DA:22,5
DA:25,5
DA:28,5
DA:31,5
LF:15
LH:15
BRF:0
BRH:0
end_of_record
