TN:
SF:index.js
FNF:0
FNH:0
DA:1,7
DA:2,7
DA:7,7
DA:8,7
DA:9,7
DA:10,7
DA:11,7
DA:14,7
DA:17,7
DA:19,7
DA:20,7
DA:23,7
DA:28,7
DA:31,7
DA:33,7
LF:15
LH:15
BRDA:31,0,0,0
BRDA:31,0,1,7
BRF:2
BRH:1
end_of_record
TN:
SF:mySendMail.js
FN:7,main
FNF:1
FNH:0
FNDA:0,main
DA:2,7
DA:4,7
DA:5,7
DA:8,0
DA:18,0
DA:27,7
LF:6
LH:4
BRF:0
BRH:0
end_of_record
TN:
SF:middleware\admin.js
FN:4,(anonymous_0)
FNF:1
FNH:1
FNDA:44,(anonymous_0)
DA:1,7
DA:2,7
DA:4,7
DA:5,44
DA:6,44
DA:7,37
DA:10,7
LF:7
LH:7
BRDA:6,0,0,7
BRDA:6,0,1,37
BRF:2
BRH:2
end_of_record
TN:
SF:middleware\auth.js
FN:4,(anonymous_0)
FNF:1
FNH:1
FNDA:114,(anonymous_0)
DA:1,8
DA:2,8
DA:4,8
DA:5,114
DA:6,114
DA:7,99
DA:8,99
DA:9,90
DA:10,90
DA:12,9
DA:13,9
DA:17,8
LF:12
LH:12
BRDA:6,0,0,15
BRDA:6,0,1,99
BRF:2
BRH:2
end_of_record
TN:
SF:middleware\error.js
FN:2,(anonymous_0)
FNF:1
FNH:0
FNDA:0,(anonymous_0)
DA:1,7
DA:2,7
DA:4,0
DA:5,0
DA:8,7
LF:5
LH:3
BRF:0
BRH:0
end_of_record
TN:
SF:middleware\validateObjectId.js
FN:3,(anonymous_0)
FNF:1
FNH:1
FNDA:70,(anonymous_0)
DA:1,7
DA:3,7
DA:4,70
DA:5,70
DA:6,55
DA:9,7
LF:6
LH:6
BRDA:5,0,0,15
BRDA:5,0,1,55
BRF:2
BRH:2
end_of_record
TN:
SF:model\customerModel.js
FN:22,validateCustomer
FNF:1
FNH:1
FNDA:11,validateCustomer
DA:1,7
DA:2,7
DA:4,7
DA:20,7
DA:23,11
DA:29,11
DA:32,7
LF:7
LH:7
BRF:0
BRH:0
end_of_record
TN:
SF:model\genresModel.js
FN:19,validateGenre
FNF:1
FNH:1
FNDA:9,validateGenre
DA:5,7
DA:7,7
DA:9,7
DA:17,7
DA:20,9
DA:24,9
DA:27,7
LF:7
LH:7
BRF:0
BRH:0
end_of_record
TN:
SF:model\movieModel.js
FN:35,validateMovies
FNF:1
FNH:1
FNDA:19,validateMovies
DA:1,7
DA:2,7
DA:3,7
DA:5,7
DA:7,7
DA:33,7
DA:36,19
DA:44,19
DA:47,7
LF:9
LH:9
BRF:0
BRH:0
end_of_record
TN:
SF:model\rentalsModel.js
FN:45,validateRentals
FNF:1
FNH:1
FNDA:8,validateRentals
DA:1,7
DA:3,7
DA:4,7
DA:6,7
DA:9,7
DA:43,7
DA:46,8
DA:51,8
DA:54,7
LF:9
LH:9
BRF:0
BRH:0
end_of_record
TN:
SF:model\usersModel.js
FN:28,(anonymous_0)
FN:37,validateUser
FNF:2
FNH:2
FNDA:93,(anonymous_0)
FNDA:18,validateUser
DA:1,8
DA:2,8
DA:3,8
DA:4,8
DA:6,8
DA:28,8
DA:29,93
DA:35,8
DA:38,18
DA:45,18
DA:48,8
LF:11
LH:11
BRF:0
BRH:0
end_of_record
TN:
SF:router\customer.js
FN:10,(anonymous_0)
FN:19,(anonymous_1)
FN:27,(anonymous_2)
FN:46,(anonymous_3)
FN:75,(anonymous_4)
FNF:5
FNH:5
FNDA:2,(anonymous_0)
FNDA:2,(anonymous_1)
FNDA:5,(anonymous_2)
FNDA:6,(anonymous_3)
FNDA:2,(anonymous_4)
DA:1,7
DA:2,7
DA:3,7
DA:4,7
DA:5,7
DA:6,7
DA:10,7
DA:11,2
DA:12,2
DA:13,1
DA:14,1
DA:19,7
DA:20,2
DA:21,2
DA:22,1
DA:27,7
DA:28,5
DA:29,5
DA:30,1
DA:35,1
DA:36,1
DA:41,7
DA:47,6
DA:48,6
DA:49,2
DA:60,2
DA:61,1
DA:64,1
DA:70,7
DA:76,2
DA:77,2
DA:78,1
DA:79,1
DA:83,7
LF:34
LH:34
BRDA:12,0,0,1
BRDA:12,0,1,1
BRDA:12,1,0,2
BRDA:12,1,1,2
BRDA:21,2,0,1
BRDA:21,2,1,1
BRDA:29,3,0,4
BRDA:29,3,1,1
BRDA:48,4,0,4
BRDA:48,4,1,2
BRDA:60,5,0,1
BRDA:60,5,1,1
BRDA:77,6,0,1
BRDA:77,6,1,1
BRF:14
BRH:14
end_of_record
TN:
SF:router\genre.js
FN:12,(anonymous_0)
FN:21,(anonymous_1)
FN:30,(anonymous_2)
FN:56,(anonymous_3)
FN:80,(anonymous_4)
FNF:5
FNH:5
FNDA:2,(anonymous_0)
FNDA:2,(anonymous_1)
FNDA:5,(anonymous_2)
FNDA:4,(anonymous_3)
FNDA:2,(anonymous_4)
DA:1,7
DA:2,7
DA:3,7
DA:4,7
DA:5,7
DA:6,7
DA:7,7
DA:12,7
DA:13,2
DA:14,2
DA:15,1
DA:16,1
DA:21,7
DA:22,2
DA:23,2
DA:24,1
DA:26,1
DA:30,7
DA:31,5
DA:32,5
DA:34,3
DA:36,3
DA:39,3
DA:41,2
DA:45,2
DA:46,2
DA:51,7
DA:57,4
DA:58,4
DA:60,2
DA:67,2
DA:68,1
DA:69,1
DA:75,7
DA:81,2
DA:82,2
DA:86,1
DA:87,1
DA:94,7
LF:39
LH:39
BRDA:14,0,0,1
BRDA:14,0,1,1
BRDA:14,1,0,2
BRDA:14,1,1,2
BRDA:23,2,0,1
BRDA:23,2,1,1
BRDA:32,3,0,2
BRDA:32,3,1,3
BRDA:39,4,0,1
BRDA:39,4,1,2
BRDA:58,5,0,2
BRDA:58,5,1,2
BRDA:67,6,0,1
BRDA:67,6,1,1
BRDA:82,7,0,1
BRDA:82,7,1,1
BRF:16
BRH:16
end_of_record
TN:
SF:router\logins.js
FN:8,(anonymous_0)
FN:22,validate
FNF:2
FNH:2
FNDA:8,(anonymous_0)
FNDA:8,validate
DA:1,7
DA:2,7
DA:3,7
DA:4,7
DA:5,7
DA:6,7
DA:8,7
DA:9,8
DA:10,8
DA:12,3
DA:13,3
DA:15,2
DA:16,2
DA:18,1
DA:19,1
DA:23,8
DA:28,8
DA:30,7
LF:18
LH:18
BRDA:10,0,0,5
BRDA:10,0,1,3
BRDA:13,1,0,1
BRDA:13,1,1,2
BRDA:16,2,0,1
BRDA:16,2,1,1
BRF:6
BRH:6
end_of_record
TN:
SF:router\movies.js
FN:13,(anonymous_0)
FN:22,(anonymous_1)
FN:30,(anonymous_2)
FN:58,(anonymous_3)
FN:92,(anonymous_4)
FNF:5
FNH:5
FNDA:2,(anonymous_0)
FNDA:2,(anonymous_1)
FNDA:9,(anonymous_2)
FNDA:10,(anonymous_3)
FNDA:2,(anonymous_4)
DA:1,7
DA:2,7
DA:3,7
DA:4,7
DA:5,7
DA:6,7
DA:7,7
DA:13,7
DA:14,2
DA:15,2
DA:16,1
DA:17,1
DA:22,7
DA:23,2
DA:24,2
DA:25,1
DA:30,7
DA:31,9
DA:32,9
DA:34,2
DA:35,2
DA:37,1
DA:47,1
DA:48,1
DA:53,7
DA:59,10
DA:60,10
DA:62,3
DA:63,3
DA:64,1
DA:66,2
DA:79,2
DA:80,1
DA:81,1
DA:87,7
DA:93,2
DA:94,2
DA:95,1
DA:99,7
LF:39
LH:39
BRDA:15,0,0,1
BRDA:15,0,1,1
BRDA:15,1,0,2
BRDA:15,1,1,2
BRDA:24,2,0,1
BRDA:24,2,1,1
BRDA:32,3,0,7
BRDA:32,3,1,2
BRDA:35,4,0,1
BRDA:35,4,1,1
BRDA:60,5,0,7
BRDA:60,5,1,3
BRDA:63,6,0,1
BRDA:63,6,1,2
BRDA:79,7,0,1
BRDA:79,7,1,1
BRDA:94,8,0,1
BRDA:94,8,1,1
BRF:18
BRH:18
end_of_record
TN:
SF:router\rentals.js
FN:12,(anonymous_0)
FN:20,(anonymous_1)
FN:29,(anonymous_2)
FN:80,(anonymous_3)
FN:111,(anonymous_4)
FNF:5
FNH:5
FNDA:2,(anonymous_0)
FNDA:2,(anonymous_1)
FNDA:8,(anonymous_2)
FNDA:3,(anonymous_3)
FNDA:5,(anonymous_4)
DA:1,7
DA:2,7
DA:3,7
DA:4,7
DA:5,7
DA:6,7
DA:7,7
DA:8,7
DA:12,7
DA:13,2
DA:14,2
DA:15,1
DA:16,1
DA:20,7
DA:21,2
DA:22,2
DA:23,1
DA:24,1
DA:29,7
DA:30,8
DA:31,8
DA:33,6
DA:34,6
DA:35,1
DA:37,5
DA:38,5
DA:39,1
DA:41,4
DA:42,1
DA:44,3
DA:60,3
DA:61,3
DA:62,3
DA:63,3
DA:64,3
DA:65,3
DA:67,0
DA:68,0
DA:70,3
DA:71,3
DA:72,3
DA:75,7
DA:81,3
DA:82,3
DA:83,1
DA:85,2
DA:86,2
DA:87,1
DA:89,1
DA:90,1
DA:91,1
DA:92,1
DA:93,1
DA:94,1
DA:96,0
DA:97,0
DA:99,1
DA:100,1
DA:102,1
DA:106,7
DA:112,5
DA:113,5
DA:114,1
DA:116,4
DA:117,4
DA:118,1
DA:120,3
DA:121,3
DA:122,3
DA:123,3
DA:124,3
DA:125,3
DA:126,3
DA:127,3
DA:129,0
DA:130,0
DA:132,3
DA:133,3
DA:134,3
DA:138,7
LF:80
LH:74
BRDA:14,0,0,1
BRDA:14,0,1,1
BRDA:14,1,0,2
BRDA:14,1,1,2
BRDA:22,2,0,1
BRDA:22,2,1,1
BRDA:31,3,0,2
BRDA:31,3,1,6
BRDA:34,4,0,1
BRDA:34,4,1,5
BRDA:38,5,0,1
BRDA:38,5,1,4
BRDA:41,6,0,1
BRDA:41,6,1,3
BRDA:82,7,0,1
BRDA:82,7,1,2
BRDA:86,8,0,1
BRDA:86,8,1,1
BRDA:113,9,0,1
BRDA:113,9,1,4
BRDA:117,10,0,1
BRDA:117,10,1,3
BRF:22
BRH:22
end_of_record
TN:
SF:router\users.js
FN:13,(anonymous_0)
FN:21,(anonymous_1)
FN:28,(anonymous_2)
FN:54,(anonymous_3)
FN:80,(anonymous_4)
FNF:5
FNH:5
FNDA:2,(anonymous_0)
FNDA:2,(anonymous_1)
FNDA:9,(anonymous_2)
FNDA:9,(anonymous_3)
FNDA:2,(anonymous_4)
DA:1,7
DA:2,7
DA:3,7
DA:4,7
DA:5,7
DA:6,7
DA:7,7
DA:8,7
DA:9,7
DA:13,7
DA:14,2
DA:15,2
DA:16,1
DA:17,1
DA:21,7
DA:22,2
DA:23,2
DA:24,1
DA:25,1
DA:28,7
DA:29,9
DA:30,9
DA:32,2
DA:33,2
DA:35,1
DA:41,1
DA:42,1
DA:45,1
DA:46,1
DA:49,7
DA:55,9
DA:56,9
DA:58,2
DA:60,2
DA:72,2
DA:74,1
DA:80,7
DA:81,2
DA:82,2
DA:83,1
DA:85,1
DA:90,7
LF:42
LH:42
BRDA:15,0,0,1
BRDA:15,0,1,1
BRDA:15,1,0,2
BRDA:15,1,1,2
BRDA:23,2,0,1
BRDA:23,2,1,1
BRDA:30,3,0,7
BRDA:30,3,1,2
BRDA:33,4,0,1
BRDA:33,4,1,1
BRDA:56,5,0,7
BRDA:56,5,1,2
BRDA:72,6,0,1
BRDA:72,6,1,1
BRDA:82,7,0,1
BRDA:82,7,1,1
BRF:16
BRH:16
end_of_record
TN:
SF:start\config.js
FN:4,checkJwtPrivateKey
FNF:1
FNH:1
FNDA:7,checkJwtPrivateKey
DA:5,7
DA:6,0
DA:7,0
DA:11,7
LF:4
LH:2
BRDA:5,0,0,0
BRDA:5,0,1,7
BRF:2
BRH:1
end_of_record
TN:
SF:start\db.js
FN:4,establishDatabaseConnection
FN:15,closeDatabaseConnection
FNF:2
FNH:1
FNDA:7,establishDatabaseConnection
FNDA:0,closeDatabaseConnection
DA:1,7
DA:2,7
DA:3,7
DA:7,7
DA:8,7
DA:16,0
DA:17,0
DA:20,7
LF:8
LH:6
BRF:0
BRH:0
end_of_record
TN:
SF:start\logging.js
FN:7,logTheError
FN:19,(anonymous_1)
FN:21,(anonymous_2)
FN:26,(anonymous_3)
FN:28,(anonymous_4)
FNF:5
FNH:1
FNDA:7,logTheError
FNDA:0,(anonymous_1)
FNDA:0,(anonymous_2)
FNDA:0,(anonymous_3)
FNDA:0,(anonymous_4)
DA:1,7
DA:2,7
DA:4,7
DA:5,7
DA:8,7
DA:19,7
DA:20,0
DA:21,0
DA:22,0
DA:26,7
DA:27,0
DA:28,0
DA:29,0
DA:34,7
LF:14
LH:8
BRF:0
BRH:0
end_of_record
TN:
SF:start\port.js
FN:3,getPort
FN:5,(anonymous_1)
FNF:2
FNH:0
FNDA:0,getPort
FNDA:0,(anonymous_1)
DA:1,7
DA:4,0
DA:5,0
DA:6,0
DA:9,7
LF:5
LH:2
BRDA:4,0,0,0
BRDA:4,0,1,0
BRF:2
BRH:0
end_of_record
TN:
SF:start\routes.js
FN:9,getAllRoutes
FNF:1
FNH:1
FNDA:7,getAllRoutes
DA:1,7
DA:2,7
DA:3,7
DA:4,7
DA:5,7
DA:6,7
DA:7,7
DA:10,7
DA:13,7
DA:16,7
DA:19,7
DA:22,7
DA:25,7
DA:28,7
DA:31,7
LF:15
LH:15
BRF:0
BRH:0
end_of_record
